#-----------------------------------------------------------
# Vivado v2020.2 (64-bit)
# SW Build 3064766 on Wed Nov 18 09:12:45 MST 2020
# IP Build 3064653 on Wed Nov 18 14:17:31 MST 2020
# Start of session at: Sun Apr 18 14:57:17 2021
# Process ID: 6768
# Current directory: D:/CELab2/Lab4
# Command line: vivado.exe -gui_launcher_event rodinguilauncherevent3312 D:\CELab2\Lab4\lab4.xpr
# Log file: D:/CELab2/Lab4/vivado.log
# Journal file: D:/CELab2/Lab4\vivado.jou
#-----------------------------------------------------------
start_gui
open_project D:/CELab2/Lab4/lab4.xpr
WARNING: [filemgmt 56-3] Default IP Output Path : Could not find the directory 'D:/CELab2/Lab4/lab4.gen/sources_1'.
Scanning sources...
Finished scanning sources
INFO: [IP_Flow 19-234] Refreshing IP repositories
INFO: [IP_Flow 19-1704] No user IP repositories specified
INFO: [IP_Flow 19-2313] Loaded Vivado IP repository 'D:/Xilinx/Vivado/2020.2/data/ip'.
open_project: Time (s): cpu = 00:00:20 ; elapsed = 00:00:13 . Memory (MB): peak = 1004.004 ; gain = 0.000
update_compile_order -fileset sources_1
exit
INFO: [Common 17-206] Exiting Vivado at Mon Apr 19 20:14:24 2021...
