#-----------------------------------------------------------
# Vivado v2019.1 (64-bit)
# SW Build 2552052 on Fri May 24 14:49:42 MDT 2019
# IP Build 2548770 on Fri May 24 18:01:18 MDT 2019
# Start of session at: Wed Mar 10 12:55:17 2021
# Process ID: 15676
# Current directory: D:/CELab2/ARM-Pipeline-Processor
# Command line: vivado.exe -gui_launcher_event rodinguilauncherevent1448 D:\CELab2\ARM-Pipeline-Processor\ARM-Pipeline-Processor.xpr
# Log file: D:/CELab2/ARM-Pipeline-Processor/vivado.log
# Journal file: D:/CELab2/ARM-Pipeline-Processor\vivado.jou
#-----------------------------------------------------------
start_gui
open_project D:/CELab2/ARM-Pipeline-Processor/ARM-Pipeline-Processor.xpr
Scanning sources...
Finished scanning sources
INFO: [IP_Flow 19-234] Refreshing IP repositories
INFO: [IP_Flow 19-1704] No user IP repositories specified
INFO: [IP_Flow 19-2313] Loaded Vivado IP repository 'D:/Xilinx/Vivado/2019.1/data/ip'.
open_project: Time (s): cpu = 00:00:16 ; elapsed = 00:00:17 . Memory (MB): peak = 670.547 ; gain = 65.672
update_compile_order -fileset sources_1
exit
INFO: [Common 17-206] Exiting Vivado at Wed Mar 10 13:13:10 2021...
