#-----------------------------------------------------------
# Vivado v2019.1 (64-bit)
# SW Build 2552052 on Fri May 24 14:49:42 MDT 2019
# IP Build 2548770 on Fri May 24 18:01:18 MDT 2019
# Start of session at: Wed Mar 10 16:41:29 2021
# Process ID: 1396
# Current directory: D:/CELab2/ARM-Pipeline-Processor
# Command line: vivado.exe -gui_launcher_event rodinguilauncherevent13988 D:\CELab2\ARM-Pipeline-Processor\ARM-Pipeline-Processor.xpr
# Log file: D:/CELab2/ARM-Pipeline-Processor/vivado.log
# Journal file: D:/CELab2/ARM-Pipeline-Processor\vivado.jou
#-----------------------------------------------------------
start_gui
open_project D:/CELab2/ARM-Pipeline-Processor/ARM-Pipeline-Processor.xpr
Scanning sources...
Finished scanning sources
INFO: [IP_Flow 19-234] Refreshing IP repositories
INFO: [IP_Flow 19-1704] No user IP repositories specified
INFO: [IP_Flow 19-2313] Loaded Vivado IP repository 'D:/Xilinx/Vivado/2019.1/data/ip'.
open_project: Time (s): cpu = 00:00:17 ; elapsed = 00:00:06 . Memory (MB): peak = 706.195 ; gain = 53.309
update_compile_order -fileset sources_1
launch_simulation
INFO: [Vivado 12-5682] Launching behavioral simulation in 'D:/CELab2/ARM-Pipeline-Processor/ARM-Pipeline-Processor.sim/sim_1/behav/xsim'
INFO: [SIM-utils-51] Simulation object is 'sim_1'
INFO: [SIM-utils-54] Inspecting design source files for 'testbench' in fileset 'sim_1'...
INFO: [USF-XSim-97] Finding global include files...
INFO: [USF-XSim-98] Fetching design files from 'sim_1'...
INFO: [USF-XSim-2] XSim::Compile design
INFO: [USF-XSim-61] Executing 'COMPILE and ANALYZE' step in 'D:/CELab2/ARM-Pipeline-Processor/ARM-Pipeline-Processor.sim/sim_1/behav/xsim'
"xvlog --incr --relax -prj testbench_vlog.prj"
INFO: [VRFC 10-2263] Analyzing Verilog file "D:/CELab2/ARM-Pipeline-Processor/ARM-Pipeline-Processor.srcs/sources_1/new/ALUControl.v" into library xil_defaultlib
INFO: [VRFC 10-311] analyzing module ALUControl
INFO: [VRFC 10-2263] Analyzing Verilog file "D:/CELab2/ARM-Pipeline-Processor/ARM-Pipeline-Processor.srcs/sources_1/new/Control.v" into library xil_defaultlib
INFO: [VRFC 10-311] analyzing module Control
INFO: [VRFC 10-2263] Analyzing Verilog file "D:/CELab2/ARM-Pipeline-Processor/ARM-Pipeline-Processor.srcs/sources_1/new/EX_MEM.v" into library xil_defaultlib
INFO: [VRFC 10-311] analyzing module EX_MEM
INFO: [VRFC 10-2263] Analyzing Verilog file "D:/CELab2/ARM-Pipeline-Processor/ARM-Pipeline-Processor.srcs/sources_1/new/ID_EX.v" into library xil_defaultlib
INFO: [VRFC 10-311] analyzing module ID_EX
INFO: [VRFC 10-2263] Analyzing Verilog file "D:/CELab2/ARM-Pipeline-Processor/ARM-Pipeline-Processor.srcs/sources_1/new/IF_ID.v" into library xil_defaultlib
INFO: [VRFC 10-311] analyzing module IF_ID
INFO: [VRFC 10-2263] Analyzing Verilog file "D:/CELab2/ARM-Pipeline-Processor/ARM-Pipeline-Processor.srcs/sources_1/new/MEM_WB.v" into library xil_defaultlib
INFO: [VRFC 10-311] analyzing module MEM_WB
INFO: [VRFC 10-2263] Analyzing Verilog file "D:/CELab2/ARM-Pipeline-Processor/ARM-Pipeline-Processor.srcs/sources_1/new/PC.v" into library xil_defaultlib
INFO: [VRFC 10-311] analyzing module PC
INFO: [VRFC 10-2263] Analyzing Verilog file "D:/CELab2/ARM-Pipeline-Processor/ARM-Pipeline-Processor.srcs/sources_1/new/add.v" into library xil_defaultlib
INFO: [VRFC 10-311] analyzing module Add
INFO: [VRFC 10-2263] Analyzing Verilog file "D:/CELab2/ARM-Pipeline-Processor/ARM-Pipeline-Processor.srcs/sources_1/new/alu.v" into library xil_defaultlib
INFO: [VRFC 10-311] analyzing module ALU
INFO: [VRFC 10-2263] Analyzing Verilog file "D:/CELab2/ARM-Pipeline-Processor/ARM-Pipeline-Processor.srcs/sources_1/new/datapath.v" into library xil_defaultlib
INFO: [VRFC 10-311] analyzing module Datapath
INFO: [VRFC 10-2263] Analyzing Verilog file "D:/CELab2/ARM-Pipeline-Processor/ARM-Pipeline-Processor.srcs/sources_1/new/dm.v" into library xil_defaultlib
INFO: [VRFC 10-311] analyzing module DM
INFO: [VRFC 10-2263] Analyzing Verilog file "D:/CELab2/ARM-Pipeline-Processor/ARM-Pipeline-Processor.srcs/sources_1/new/im.v" into library xil_defaultlib
INFO: [VRFC 10-311] analyzing module IM
INFO: [VRFC 10-2263] Analyzing Verilog file "D:/CELab2/ARM-Pipeline-Processor/ARM-Pipeline-Processor.srcs/sources_1/new/mux.v" into library xil_defaultlib
INFO: [VRFC 10-311] analyzing module Mux
INFO: [VRFC 10-2263] Analyzing Verilog file "D:/CELab2/ARM-Pipeline-Processor/ARM-Pipeline-Processor.srcs/sources_1/new/registers.v" into library xil_defaultlib
INFO: [VRFC 10-311] analyzing module Registers
INFO: [VRFC 10-2263] Analyzing Verilog file "D:/CELab2/ARM-Pipeline-Processor/ARM-Pipeline-Processor.srcs/sim_1/new/testbench.v" into library xil_defaultlib
INFO: [VRFC 10-311] analyzing module testbench
INFO: [USF-XSim-69] 'compile' step finished in '3' seconds
INFO: [USF-XSim-3] XSim::Elaborate design
INFO: [USF-XSim-61] Executing 'ELABORATE' step in 'D:/CELab2/ARM-Pipeline-Processor/ARM-Pipeline-Processor.sim/sim_1/behav/xsim'
"xelab -wto 415f347581a647f1a1f997d4d2decdd0 --incr --debug typical --relax --mt 2 -L xil_defaultlib -L unisims_ver -L unimacro_ver -L secureip --snapshot testbench_behav xil_defaultlib.testbench xil_defaultlib.glbl -log elaborate.log"
Vivado Simulator 2019.1
Copyright 1986-1999, 2001-2019 Xilinx, Inc. All Rights Reserved.
Running: D:/Xilinx/Vivado/2019.1/bin/unwrapped/win64.o/xelab.exe -wto 415f347581a647f1a1f997d4d2decdd0 --incr --debug typical --relax --mt 2 -L xil_defaultlib -L unisims_ver -L unimacro_ver -L secureip --snapshot testbench_behav xil_defaultlib.testbench xil_defaultlib.glbl -log elaborate.log 
Using 2 slave threads.
Starting static elaboration
WARNING: [VRFC 10-3091] actual bit length 5 differs from formal bit length 64 for port 'inputA' [D:/CELab2/ARM-Pipeline-Processor/ARM-Pipeline-Processor.srcs/sources_1/new/datapath.v:77]
WARNING: [VRFC 10-3091] actual bit length 5 differs from formal bit length 64 for port 'inputB' [D:/CELab2/ARM-Pipeline-Processor/ARM-Pipeline-Processor.srcs/sources_1/new/datapath.v:78]
WARNING: [VRFC 10-3091] actual bit length 5 differs from formal bit length 64 for port 'outputData' [D:/CELab2/ARM-Pipeline-Processor/ARM-Pipeline-Processor.srcs/sources_1/new/datapath.v:80]
Completed static elaboration
Starting simulation data flow analysis
Completed simulation data flow analysis
Time Resolution for simulation is 1ps
Compiling module xil_defaultlib.IM
Compiling module xil_defaultlib.DM
Compiling module xil_defaultlib.Mux
Compiling module xil_defaultlib.Add
Compiling module xil_defaultlib.PC
Compiling module xil_defaultlib.IF_ID
Compiling module xil_defaultlib.Registers
Compiling module xil_defaultlib.Control
Compiling module xil_defaultlib.ID_EX
Compiling module xil_defaultlib.ALUControl
Compiling module xil_defaultlib.ALU
Compiling module xil_defaultlib.EX_MEM
Compiling module xil_defaultlib.MEM_WB
Compiling module xil_defaultlib.Datapath
Compiling module xil_defaultlib.testbench
Compiling module xil_defaultlib.glbl
Built simulation snapshot testbench_behav
run_program: Time (s): cpu = 00:00:01 ; elapsed = 00:00:08 . Memory (MB): peak = 734.992 ; gain = 0.000
INFO: [USF-XSim-69] 'elaborate' step finished in '8' seconds
INFO: [USF-XSim-4] XSim::Simulate design
INFO: [USF-XSim-61] Executing 'SIMULATE' step in 'D:/CELab2/ARM-Pipeline-Processor/ARM-Pipeline-Processor.sim/sim_1/behav/xsim'
INFO: [USF-XSim-98] *** Running xsim
   with args "testbench_behav -key {Behavioral:sim_1:Functional:testbench} -tclbatch {testbench.tcl} -view {D:/CELab2/ARM-Pipeline-Processor/testbench_behav.wcfg} -log {simulate.log}"
INFO: [USF-XSim-8] Loading simulator feature
Vivado Simulator 2019.1
Time resolution is 1 ps
open_wave_config D:/CELab2/ARM-Pipeline-Processor/testbench_behav.wcfg
source testbench.tcl
# set curr_wave [current_wave_config]
# if { [string length $curr_wave] == 0 } {
#   if { [llength [get_objects]] > 0} {
#     add_wave /
#     set_property needs_save false [current_wave_config]
#   } else {
#      send_msg_id Add_Wave-1 WARNING "No top level signals found. Simulator will start without a wave window. If you want to open a wave window go to 'File->New Waveform Configuration' or type 'create_wave_config' in the TCL console."
#   }
# }
# run 1000ns
xsim: Time (s): cpu = 00:00:11 ; elapsed = 00:00:06 . Memory (MB): peak = 802.359 ; gain = 67.367
INFO: [USF-XSim-96] XSim completed. Design snapshot 'testbench_behav' loaded.
INFO: [USF-XSim-97] XSim simulation ran for 1000ns
launch_simulation: Time (s): cpu = 00:00:15 ; elapsed = 00:00:19 . Memory (MB): peak = 802.359 ; gain = 67.367
save_wave_config {D:/CELab2/ARM-Pipeline-Processor/testbench_behav.wcfg}
close_sim
INFO: [Simtcl 6-16] Simulation closed
exit
INFO: [Common 17-206] Exiting Vivado at Wed Mar 10 16:51:24 2021...
