ARM GAS  C:\Users\tmj32\AppData\Local\Temp\ccSqxso1.s 			page 1


   1              		.syntax unified
   2              		.cpu cortex-m3
   3              		.fpu softvfp
   4              		.eabi_attribute 20, 1
   5              		.eabi_attribute 21, 1
   6              		.eabi_attribute 23, 3
   7              		.eabi_attribute 24, 1
   8              		.eabi_attribute 25, 1
   9              		.eabi_attribute 26, 1
  10              		.eabi_attribute 30, 1
  11              		.eabi_attribute 34, 1
  12              		.eabi_attribute 18, 4
  13              		.thumb
  14              		.syntax unified
  15              		.file	"cymetadata.c"
  16              		.text
  17              	.Ltext0:
  18              		.cfi_sections	.debug_frame
  19              		.global	cy_metadata
  20              		.global	cy_meta_flashprotect
  21              		.global	cy_meta_wonvl
  22              		.global	cy_meta_custnvl
  23              		.global	cy_meta_configecc
  24              		.section	.cyconfigecc,"a",%progbits
  25              		.align	2
  26              		.type	cy_meta_configecc, %object
  27              		.size	cy_meta_configecc, 860
  28              	cy_meta_configecc:
  29 0000 0D       		.byte	13
  30 0001 52       		.byte	82
  31 0002 00       		.byte	0
  32 0003 40       		.byte	64
  33 0004 01       		.byte	1
  34 0005 65       		.byte	101
  35 0006 00       		.byte	0
  36 0007 40       		.byte	64
  37 0008 01       		.byte	1
  38 0009 03       		.byte	3
  39 000a 01       		.byte	1
  40 000b 40       		.byte	64
  41 000c 06       		.byte	6
  42 000d 05       		.byte	5
  43 000e 01       		.byte	1
  44 000f 40       		.byte	64
  45 0010 07       		.byte	7
  46 0011 07       		.byte	7
  47 0012 01       		.byte	1
  48 0013 40       		.byte	64
  49 0014 05       		.byte	5
  50 0015 09       		.byte	9
  51 0016 01       		.byte	1
  52 0017 40       		.byte	64
  53 0018 01       		.byte	1
  54 0019 0B       		.byte	11
  55 001a 01       		.byte	1
  56 001b 40       		.byte	64
  57 001c 02       		.byte	2
ARM GAS  C:\Users\tmj32\AppData\Local\Temp\ccSqxso1.s 			page 2


  58 001d 0D       		.byte	13
  59 001e 01       		.byte	1
  60 001f 40       		.byte	64
  61 0020 0B       		.byte	11
  62 0021 14       		.byte	20
  63 0022 01       		.byte	1
  64 0023 40       		.byte	64
  65 0024 1E       		.byte	30
  66 0025 15       		.byte	21
  67 0026 01       		.byte	1
  68 0027 40       		.byte	64
  69 0028 09       		.byte	9
  70 0029 17       		.byte	23
  71 002a 01       		.byte	1
  72 002b 40       		.byte	64
  73 002c 28       		.byte	40
  74 002d 18       		.byte	24
  75 002e 01       		.byte	1
  76 002f 40       		.byte	64
  77 0030 20       		.byte	32
  78 0031 19       		.byte	25
  79 0032 01       		.byte	1
  80 0033 40       		.byte	64
  81 0034 0B       		.byte	11
  82 0035 1A       		.byte	26
  83 0036 01       		.byte	1
  84 0037 40       		.byte	64
  85 0038 1E       		.byte	30
  86 0039 1B       		.byte	27
  87 003a 01       		.byte	1
  88 003b 40       		.byte	64
  89 003c 13       		.byte	19
  90 003d 40       		.byte	64
  91 003e 01       		.byte	1
  92 003f 40       		.byte	64
  93 0040 11       		.byte	17
  94 0041 41       		.byte	65
  95 0042 01       		.byte	1
  96 0043 40       		.byte	64
  97 0044 0E       		.byte	14
  98 0045 42       		.byte	66
  99 0046 01       		.byte	1
 100 0047 40       		.byte	64
 101 0048 08       		.byte	8
 102 0049 43       		.byte	67
 103 004a 01       		.byte	1
 104 004b 40       		.byte	64
 105 004c 04       		.byte	4
 106 004d 44       		.byte	68
 107 004e 01       		.byte	1
 108 004f 40       		.byte	64
 109 0050 02       		.byte	2
 110 0051 45       		.byte	69
 111 0052 01       		.byte	1
 112 0053 40       		.byte	64
 113 0054 02       		.byte	2
 114 0055 46       		.byte	70
ARM GAS  C:\Users\tmj32\AppData\Local\Temp\ccSqxso1.s 			page 3


 115 0056 01       		.byte	1
 116 0057 40       		.byte	64
 117 0058 02       		.byte	2
 118 0059 47       		.byte	71
 119 005a 01       		.byte	1
 120 005b 40       		.byte	64
 121 005c 0E       		.byte	14
 122 005d 48       		.byte	72
 123 005e 01       		.byte	1
 124 005f 40       		.byte	64
 125 0060 11       		.byte	17
 126 0061 49       		.byte	73
 127 0062 01       		.byte	1
 128 0063 40       		.byte	64
 129 0064 04       		.byte	4
 130 0065 4C       		.byte	76
 131 0066 01       		.byte	1
 132 0067 40       		.byte	64
 133 0068 1A       		.byte	26
 134 0069 4D       		.byte	77
 135 006a 01       		.byte	1
 136 006b 40       		.byte	64
 137 006c 02       		.byte	2
 138 006d 50       		.byte	80
 139 006e 01       		.byte	1
 140 006f 40       		.byte	64
 141 0070 02       		.byte	2
 142 0071 51       		.byte	81
 143 0072 01       		.byte	1
 144 0073 40       		.byte	64
 145 0074 00       		.byte	0
 146 0075 3A       		.byte	58
 147 0076 01       		.byte	1
 148 0077 96       		.byte	-106
 149 0078 09       		.byte	9
 150 0079 40       		.byte	64
 151 007a 18       		.byte	24
 152 007b C0       		.byte	-64
 153 007c 19       		.byte	25
 154 007d 61       		.byte	97
 155 007e 20       		.byte	32
 156 007f 01       		.byte	1
 157 0080 21       		.byte	33
 158 0081 01       		.byte	1
 159 0082 28       		.byte	40
 160 0083 9A       		.byte	-102
 161 0084 29       		.byte	41
 162 0085 A8       		.byte	-88
 163 0086 30       		.byte	48
 164 0087 41       		.byte	65
 165 0088 31       		.byte	49
 166 0089 40       		.byte	64
 167 008a 60       		.byte	96
 168 008b 80       		.byte	-128
 169 008c 61       		.byte	97
 170 008d C0       		.byte	-64
 171 008e 89       		.byte	-119
ARM GAS  C:\Users\tmj32\AppData\Local\Temp\ccSqxso1.s 			page 4


 172 008f 0D       		.byte	13
 173 0090 EC       		.byte	-20
 174 0091 08       		.byte	8
 175 0092 82       		.byte	-126
 176 0093 04       		.byte	4
 177 0094 85       		.byte	-123
 178 0095 40       		.byte	64
 179 0096 8A       		.byte	-118
 180 0097 01       		.byte	1
 181 0098 92       		.byte	-110
 182 0099 40       		.byte	64
 183 009a AA       		.byte	-86
 184 009b 40       		.byte	64
 185 009c E6       		.byte	-26
 186 009d 80       		.byte	-128
 187 009e 86       		.byte	-122
 188 009f 10       		.byte	16
 189 00a0 92       		.byte	-110
 190 00a1 40       		.byte	64
 191 00a2 96       		.byte	-106
 192 00a3 01       		.byte	1
 193 00a4 A5       		.byte	-91
 194 00a5 40       		.byte	64
 195 00a6 A6       		.byte	-90
 196 00a7 04       		.byte	4
 197 00a8 E2       		.byte	-30
 198 00a9 20       		.byte	32
 199 00aa E6       		.byte	-26
 200 00ab 20       		.byte	32
 201 00ac 88       		.byte	-120
 202 00ad 40       		.byte	64
 203 00ae 8A       		.byte	-118
 204 00af 40       		.byte	64
 205 00b0 A3       		.byte	-93
 206 00b1 01       		.byte	1
 207 00b2 E2       		.byte	-30
 208 00b3 20       		.byte	32
 209 00b4 E6       		.byte	-26
 210 00b5 20       		.byte	32
 211 00b6 A3       		.byte	-93
 212 00b7 01       		.byte	1
 213 00b8 A3       		.byte	-93
 214 00b9 01       		.byte	1
 215 00ba AF       		.byte	-81
 216 00bb 01       		.byte	1
 217 00bc 10       		.byte	16
 218 00bd 01       		.byte	1
 219 00be 12       		.byte	18
 220 00bf 02       		.byte	2
 221 00c0 1C       		.byte	28
 222 00c1 02       		.byte	2
 223 00c2 1E       		.byte	30
 224 00c3 01       		.byte	1
 225 00c4 36       		.byte	54
 226 00c5 03       		.byte	3
 227 00c6 3E       		.byte	62
 228 00c7 40       		.byte	64
ARM GAS  C:\Users\tmj32\AppData\Local\Temp\ccSqxso1.s 			page 5


 229 00c8 58       		.byte	88
 230 00c9 04       		.byte	4
 231 00ca 5B       		.byte	91
 232 00cb 04       		.byte	4
 233 00cc 5F       		.byte	95
 234 00cd 01       		.byte	1
 235 00ce DB       		.byte	-37
 236 00cf 04       		.byte	4
 237 00d0 DF       		.byte	-33
 238 00d1 01       		.byte	1
 239 00d2 08       		.byte	8
 240 00d3 80       		.byte	-128
 241 00d4 0A       		.byte	10
 242 00d5 40       		.byte	64
 243 00d6 1A       		.byte	26
 244 00d7 01       		.byte	1
 245 00d8 68       		.byte	104
 246 00d9 22       		.byte	34
 247 00da 6B       		.byte	107
 248 00db 48       		.byte	72
 249 00dc 6D       		.byte	109
 250 00dd 80       		.byte	-128
 251 00de 6E       		.byte	110
 252 00df 28       		.byte	40
 253 00e0 6F       		.byte	111
 254 00e1 80       		.byte	-128
 255 00e2 74       		.byte	116
 256 00e3 80       		.byte	-128
 257 00e4 75       		.byte	117
 258 00e5 02       		.byte	2
 259 00e6 76       		.byte	118
 260 00e7 28       		.byte	40
 261 00e8 82       		.byte	-126
 262 00e9 08       		.byte	8
 263 00ea 83       		.byte	-125
 264 00eb 88       		.byte	-120
 265 00ec 86       		.byte	-122
 266 00ed 20       		.byte	32
 267 00ee 88       		.byte	-120
 268 00ef 20       		.byte	32
 269 00f0 8C       		.byte	-116
 270 00f1 80       		.byte	-128
 271 00f2 8D       		.byte	-115
 272 00f3 02       		.byte	2
 273 00f4 8F       		.byte	-113
 274 00f5 40       		.byte	64
 275 00f6 92       		.byte	-110
 276 00f7 40       		.byte	64
 277 00f8 96       		.byte	-106
 278 00f9 01       		.byte	1
 279 00fa 98       		.byte	-104
 280 00fb 80       		.byte	-128
 281 00fc A4       		.byte	-92
 282 00fd 02       		.byte	2
 283 00fe A5       		.byte	-91
 284 00ff 40       		.byte	64
 285 0100 A6       		.byte	-90
ARM GAS  C:\Users\tmj32\AppData\Local\Temp\ccSqxso1.s 			page 6


 286 0101 14       		.byte	20
 287 0102 A8       		.byte	-88
 288 0103 80       		.byte	-128
 289 0104 C2       		.byte	-62
 290 0105 09       		.byte	9
 291 0106 E0       		.byte	-32
 292 0107 04       		.byte	4
 293 0108 E2       		.byte	-30
 294 0109 40       		.byte	64
 295 010a E6       		.byte	-26
 296 010b 40       		.byte	64
 297 010c EC       		.byte	-20
 298 010d 80       		.byte	-128
 299 010e 8C       		.byte	-116
 300 010f 02       		.byte	2
 301 0110 92       		.byte	-110
 302 0111 40       		.byte	64
 303 0112 96       		.byte	-106
 304 0113 01       		.byte	1
 305 0114 A5       		.byte	-91
 306 0115 40       		.byte	64
 307 0116 A6       		.byte	-90
 308 0117 14       		.byte	20
 309 0118 E2       		.byte	-30
 310 0119 12       		.byte	18
 311 011a E6       		.byte	-26
 312 011b 40       		.byte	64
 313 011c EA       		.byte	-22
 314 011d 08       		.byte	8
 315 011e EE       		.byte	-18
 316 011f 01       		.byte	1
 317 0120 91       		.byte	-111
 318 0121 02       		.byte	2
 319 0122 92       		.byte	-110
 320 0123 02       		.byte	2
 321 0124 9B       		.byte	-101
 322 0125 03       		.byte	3
 323 0126 9E       		.byte	-98
 324 0127 05       		.byte	5
 325 0128 A6       		.byte	-90
 326 0129 04       		.byte	4
 327 012a AE       		.byte	-82
 328 012b 01       		.byte	1
 329 012c B0       		.byte	-80
 330 012d 04       		.byte	4
 331 012e B1       		.byte	-79
 332 012f 01       		.byte	1
 333 0130 B2       		.byte	-78
 334 0131 01       		.byte	1
 335 0132 B4       		.byte	-76
 336 0133 01       		.byte	1
 337 0134 B6       		.byte	-74
 338 0135 02       		.byte	2
 339 0136 B7       		.byte	-73
 340 0137 02       		.byte	2
 341 0138 BE       		.byte	-66
 342 0139 04       		.byte	4
ARM GAS  C:\Users\tmj32\AppData\Local\Temp\ccSqxso1.s 			page 7


 343 013a C0       		.byte	-64
 344 013b 10       		.byte	16
 345 013c C1       		.byte	-63
 346 013d 05       		.byte	5
 347 013e C5       		.byte	-59
 348 013f D1       		.byte	-47
 349 0140 C7       		.byte	-57
 350 0141 20       		.byte	32
 351 0142 C8       		.byte	-56
 352 0143 23       		.byte	35
 353 0144 C9       		.byte	-55
 354 0145 FF       		.byte	-1
 355 0146 CA       		.byte	-54
 356 0147 FF       		.byte	-1
 357 0148 CB       		.byte	-53
 358 0149 FF       		.byte	-1
 359 014a CD       		.byte	-51
 360 014b A0       		.byte	-96
 361 014c CF       		.byte	-49
 362 014d 04       		.byte	4
 363 014e D0       		.byte	-48
 364 014f 18       		.byte	24
 365 0150 D2       		.byte	-46
 366 0151 80       		.byte	-128
 367 0152 D4       		.byte	-44
 368 0153 05       		.byte	5
 369 0154 D8       		.byte	-40
 370 0155 04       		.byte	4
 371 0156 D9       		.byte	-39
 372 0157 04       		.byte	4
 373 0158 DA       		.byte	-38
 374 0159 04       		.byte	4
 375 015a DB       		.byte	-37
 376 015b 04       		.byte	4
 377 015c DF       		.byte	-33
 378 015d 01       		.byte	1
 379 015e E0       		.byte	-32
 380 015f 40       		.byte	64
 381 0160 E2       		.byte	-30
 382 0161 C0       		.byte	-64
 383 0162 E4       		.byte	-28
 384 0163 40       		.byte	64
 385 0164 E5       		.byte	-27
 386 0165 40       		.byte	64
 387 0166 E6       		.byte	-26
 388 0167 C0       		.byte	-64
 389 0168 E8       		.byte	-24
 390 0169 C0       		.byte	-64
 391 016a EA       		.byte	-22
 392 016b C0       		.byte	-64
 393 016c EC       		.byte	-20
 394 016d C0       		.byte	-64
 395 016e EE       		.byte	-18
 396 016f C0       		.byte	-64
 397 0170 0A       		.byte	10
 398 0171 41       		.byte	65
 399 0172 10       		.byte	16
ARM GAS  C:\Users\tmj32\AppData\Local\Temp\ccSqxso1.s 			page 8


 400 0173 22       		.byte	34
 401 0174 19       		.byte	25
 402 0175 04       		.byte	4
 403 0176 1A       		.byte	26
 404 0177 01       		.byte	1
 405 0178 1B       		.byte	27
 406 0179 12       		.byte	18
 407 017a 21       		.byte	33
 408 017b 02       		.byte	2
 409 017c 22       		.byte	34
 410 017d 40       		.byte	64
 411 017e 30       		.byte	48
 412 017f 20       		.byte	32
 413 0180 31       		.byte	49
 414 0181 02       		.byte	2
 415 0182 42       		.byte	66
 416 0183 01       		.byte	1
 417 0184 48       		.byte	72
 418 0185 22       		.byte	34
 419 0186 49       		.byte	73
 420 0187 01       		.byte	1
 421 0188 50       		.byte	80
 422 0189 02       		.byte	2
 423 018a 59       		.byte	89
 424 018b 05       		.byte	5
 425 018c 5A       		.byte	90
 426 018d 80       		.byte	-128
 427 018e 72       		.byte	114
 428 018f 40       		.byte	64
 429 0190 87       		.byte	-121
 430 0191 20       		.byte	32
 431 0192 8E       		.byte	-114
 432 0193 01       		.byte	1
 433 0194 9F       		.byte	-97
 434 0195 08       		.byte	8
 435 0196 A3       		.byte	-93
 436 0197 01       		.byte	1
 437 0198 A4       		.byte	-92
 438 0199 40       		.byte	64
 439 019a A6       		.byte	-90
 440 019b 40       		.byte	64
 441 019c A7       		.byte	-89
 442 019d 10       		.byte	16
 443 019e AB       		.byte	-85
 444 019f 10       		.byte	16
 445 01a0 AF       		.byte	-81
 446 01a1 08       		.byte	8
 447 01a2 C2       		.byte	-62
 448 01a3 09       		.byte	9
 449 01a4 C4       		.byte	-60
 450 01a5 05       		.byte	5
 451 01a6 CC       		.byte	-52
 452 01a7 05       		.byte	5
 453 01a8 D0       		.byte	-48
 454 01a9 08       		.byte	8
 455 01aa D2       		.byte	-46
 456 01ab 08       		.byte	8
ARM GAS  C:\Users\tmj32\AppData\Local\Temp\ccSqxso1.s 			page 9


 457 01ac D6       		.byte	-42
 458 01ad 0B       		.byte	11
 459 01ae E2       		.byte	-30
 460 01af 10       		.byte	16
 461 01b0 5B       		.byte	91
 462 01b1 04       		.byte	4
 463 01b2 5F       		.byte	95
 464 01b3 01       		.byte	1
 465 01b4 8C       		.byte	-116
 466 01b5 02       		.byte	2
 467 01b6 8E       		.byte	-114
 468 01b7 01       		.byte	1
 469 01b8 9C       		.byte	-100
 470 01b9 01       		.byte	1
 471 01ba 9E       		.byte	-98
 472 01bb 02       		.byte	2
 473 01bc B0       		.byte	-80
 474 01bd 03       		.byte	3
 475 01be BE       		.byte	-66
 476 01bf 01       		.byte	1
 477 01c0 D8       		.byte	-40
 478 01c1 04       		.byte	4
 479 01c2 DB       		.byte	-37
 480 01c3 04       		.byte	4
 481 01c4 DF       		.byte	-33
 482 01c5 01       		.byte	1
 483 01c6 05       		.byte	5
 484 01c7 80       		.byte	-128
 485 01c8 0F       		.byte	15
 486 01c9 02       		.byte	2
 487 01ca 1E       		.byte	30
 488 01cb 80       		.byte	-128
 489 01cc 69       		.byte	105
 490 01cd 48       		.byte	72
 491 01ce 6B       		.byte	107
 492 01cf 44       		.byte	68
 493 01d0 6C       		.byte	108
 494 01d1 10       		.byte	16
 495 01d2 6D       		.byte	109
 496 01d3 A0       		.byte	-96
 497 01d4 6E       		.byte	110
 498 01d5 02       		.byte	2
 499 01d6 74       		.byte	116
 500 01d7 40       		.byte	64
 501 01d8 76       		.byte	118
 502 01d9 40       		.byte	64
 503 01da 77       		.byte	119
 504 01db 28       		.byte	40
 505 01dc 83       		.byte	-125
 506 01dd 44       		.byte	68
 507 01de 85       		.byte	-123
 508 01df 40       		.byte	64
 509 01e0 86       		.byte	-122
 510 01e1 40       		.byte	64
 511 01e2 89       		.byte	-119
 512 01e3 04       		.byte	4
 513 01e4 8C       		.byte	-116
ARM GAS  C:\Users\tmj32\AppData\Local\Temp\ccSqxso1.s 			page 10


 514 01e5 10       		.byte	16
 515 01e6 8D       		.byte	-115
 516 01e7 50       		.byte	80
 517 01e8 99       		.byte	-103
 518 01e9 80       		.byte	-128
 519 01ea 9F       		.byte	-97
 520 01eb 28       		.byte	40
 521 01ec A3       		.byte	-93
 522 01ed 01       		.byte	1
 523 01ee A4       		.byte	-92
 524 01ef 40       		.byte	64
 525 01f0 A6       		.byte	-90
 526 01f1 41       		.byte	65
 527 01f2 AB       		.byte	-85
 528 01f3 02       		.byte	2
 529 01f4 B1       		.byte	-79
 530 01f5 80       		.byte	-128
 531 01f6 C0       		.byte	-64
 532 01f7 80       		.byte	-128
 533 01f8 C2       		.byte	-62
 534 01f9 80       		.byte	-128
 535 01fa E0       		.byte	-32
 536 01fb 1F       		.byte	31
 537 01fc E4       		.byte	-28
 538 01fd 21       		.byte	33
 539 01fe E8       		.byte	-24
 540 01ff 04       		.byte	4
 541 0200 EC       		.byte	-20
 542 0201 80       		.byte	-128
 543 0202 10       		.byte	16
 544 0203 08       		.byte	8
 545 0204 13       		.byte	19
 546 0205 04       		.byte	4
 547 0206 14       		.byte	20
 548 0207 08       		.byte	8
 549 0208 17       		.byte	23
 550 0209 08       		.byte	8
 551 020a 32       		.byte	50
 552 020b 20       		.byte	32
 553 020c 34       		.byte	52
 554 020d 80       		.byte	-128
 555 020e 36       		.byte	54
 556 020f 20       		.byte	32
 557 0210 3B       		.byte	59
 558 0211 04       		.byte	4
 559 0212 3C       		.byte	60
 560 0213 08       		.byte	8
 561 0214 3F       		.byte	63
 562 0215 10       		.byte	16
 563 0216 41       		.byte	65
 564 0217 10       		.byte	16
 565 0218 5E       		.byte	94
 566 0219 40       		.byte	64
 567 021a 68       		.byte	104
 568 021b 08       		.byte	8
 569 021c 69       		.byte	105
 570 021d 20       		.byte	32
ARM GAS  C:\Users\tmj32\AppData\Local\Temp\ccSqxso1.s 			page 11


 571 021e C4       		.byte	-60
 572 021f F0       		.byte	-16
 573 0220 CC       		.byte	-52
 574 0221 30       		.byte	48
 575 0222 CE       		.byte	-50
 576 0223 E0       		.byte	-32
 577 0224 D0       		.byte	-48
 578 0225 10       		.byte	16
 579 0226 D6       		.byte	-42
 580 0227 20       		.byte	32
 581 0228 54       		.byte	84
 582 0229 40       		.byte	64
 583 022a 58       		.byte	88
 584 022b 08       		.byte	8
 585 022c 5B       		.byte	91
 586 022d 20       		.byte	32
 587 022e 5D       		.byte	93
 588 022f 80       		.byte	-128
 589 0230 5E       		.byte	94
 590 0231 04       		.byte	4
 591 0232 63       		.byte	99
 592 0233 08       		.byte	8
 593 0234 65       		.byte	101
 594 0235 04       		.byte	4
 595 0236 96       		.byte	-106
 596 0237 40       		.byte	64
 597 0238 97       		.byte	-105
 598 0239 10       		.byte	16
 599 023a 9B       		.byte	-101
 600 023b 08       		.byte	8
 601 023c 9C       		.byte	-100
 602 023d 80       		.byte	-128
 603 023e A4       		.byte	-92
 604 023f 04       		.byte	4
 605 0240 AC       		.byte	-84
 606 0241 08       		.byte	8
 607 0242 D4       		.byte	-44
 608 0243 C0       		.byte	-64
 609 0244 D6       		.byte	-42
 610 0245 E0       		.byte	-32
 611 0246 D8       		.byte	-40
 612 0247 C0       		.byte	-64
 613 0248 EC       		.byte	-20
 614 0249 10       		.byte	16
 615 024a 83       		.byte	-125
 616 024b 04       		.byte	4
 617 024c 86       		.byte	-122
 618 024d 04       		.byte	4
 619 024e 8B       		.byte	-117
 620 024f 10       		.byte	16
 621 0250 96       		.byte	-106
 622 0251 44       		.byte	68
 623 0252 97       		.byte	-105
 624 0253 10       		.byte	16
 625 0254 9C       		.byte	-100
 626 0255 88       		.byte	-120
 627 0256 9D       		.byte	-99
ARM GAS  C:\Users\tmj32\AppData\Local\Temp\ccSqxso1.s 			page 12


 628 0257 84       		.byte	-124
 629 0258 9F       		.byte	-97
 630 0259 20       		.byte	32
 631 025a A4       		.byte	-92
 632 025b 44       		.byte	68
 633 025c A7       		.byte	-89
 634 025d 04       		.byte	4
 635 025e AB       		.byte	-85
 636 025f 08       		.byte	8
 637 0260 E2       		.byte	-30
 638 0261 40       		.byte	64
 639 0262 E6       		.byte	-26
 640 0263 20       		.byte	32
 641 0264 E8       		.byte	-24
 642 0265 20       		.byte	32
 643 0266 84       		.byte	-124
 644 0267 08       		.byte	8
 645 0268 88       		.byte	-120
 646 0269 44       		.byte	68
 647 026a 96       		.byte	-106
 648 026b 40       		.byte	64
 649 026c 9C       		.byte	-100
 650 026d 88       		.byte	-120
 651 026e 9D       		.byte	-99
 652 026f 84       		.byte	-124
 653 0270 9F       		.byte	-97
 654 0271 20       		.byte	32
 655 0272 A4       		.byte	-92
 656 0273 44       		.byte	68
 657 0274 E6       		.byte	-26
 658 0275 10       		.byte	16
 659 0276 54       		.byte	84
 660 0277 80       		.byte	-128
 661 0278 67       		.byte	103
 662 0279 80       		.byte	-128
 663 027a D4       		.byte	-44
 664 027b 02       		.byte	2
 665 027c D8       		.byte	-40
 666 027d 01       		.byte	1
 667 027e 97       		.byte	-105
 668 027f 80       		.byte	-128
 669 0280 A4       		.byte	-92
 670 0281 80       		.byte	-128
 671 0282 97       		.byte	-105
 672 0283 80       		.byte	-128
 673 0284 A4       		.byte	-92
 674 0285 80       		.byte	-128
 675 0286 97       		.byte	-105
 676 0287 80       		.byte	-128
 677 0288 A4       		.byte	-92
 678 0289 80       		.byte	-128
 679 028a 20       		.byte	32
 680 028b 20       		.byte	32
 681 028c 27       		.byte	39
 682 028d 40       		.byte	64
 683 028e 87       		.byte	-121
 684 028f 20       		.byte	32
ARM GAS  C:\Users\tmj32\AppData\Local\Temp\ccSqxso1.s 			page 13


 685 0290 8D       		.byte	-115
 686 0291 04       		.byte	4
 687 0292 8E       		.byte	-114
 688 0293 40       		.byte	64
 689 0294 96       		.byte	-106
 690 0295 40       		.byte	64
 691 0296 9D       		.byte	-99
 692 0297 04       		.byte	4
 693 0298 9F       		.byte	-97
 694 0299 20       		.byte	32
 695 029a A8       		.byte	-88
 696 029b 80       		.byte	-128
 697 029c AD       		.byte	-83
 698 029d 80       		.byte	-128
 699 029e C8       		.byte	-56
 700 029f C0       		.byte	-64
 701 02a0 E2       		.byte	-30
 702 02a1 40       		.byte	64
 703 02a2 EA       		.byte	-22
 704 02a3 10       		.byte	16
 705 02a4 EE       		.byte	-18
 706 02a5 80       		.byte	-128
 707 02a6 59       		.byte	89
 708 02a7 04       		.byte	4
 709 02a8 5A       		.byte	90
 710 02a9 20       		.byte	32
 711 02aa 62       		.byte	98
 712 02ab 08       		.byte	8
 713 02ac 66       		.byte	102
 714 02ad 01       		.byte	1
 715 02ae 67       		.byte	103
 716 02af 02       		.byte	2
 717 02b0 81       		.byte	-127
 718 02b1 04       		.byte	4
 719 02b2 83       		.byte	-125
 720 02b3 01       		.byte	1
 721 02b4 86       		.byte	-122
 722 02b5 08       		.byte	8
 723 02b6 8E       		.byte	-114
 724 02b7 11       		.byte	17
 725 02b8 AB       		.byte	-85
 726 02b9 40       		.byte	64
 727 02ba B0       		.byte	-80
 728 02bb 10       		.byte	16
 729 02bc D4       		.byte	-44
 730 02bd 80       		.byte	-128
 731 02be D6       		.byte	-42
 732 02bf C0       		.byte	-64
 733 02c0 D8       		.byte	-40
 734 02c1 C0       		.byte	-64
 735 02c2 E2       		.byte	-30
 736 02c3 10       		.byte	16
 737 02c4 E6       		.byte	-26
 738 02c5 A0       		.byte	-96
 739 02c6 EC       		.byte	-20
 740 02c7 80       		.byte	-128
 741 02c8 62       		.byte	98
ARM GAS  C:\Users\tmj32\AppData\Local\Temp\ccSqxso1.s 			page 14


 742 02c9 01       		.byte	1
 743 02ca 97       		.byte	-105
 744 02cb 80       		.byte	-128
 745 02cc A4       		.byte	-92
 746 02cd 80       		.byte	-128
 747 02ce D8       		.byte	-40
 748 02cf 02       		.byte	2
 749 02d0 52       		.byte	82
 750 02d1 10       		.byte	16
 751 02d2 56       		.byte	86
 752 02d3 20       		.byte	32
 753 02d4 58       		.byte	88
 754 02d5 04       		.byte	4
 755 02d6 5C       		.byte	92
 756 02d7 18       		.byte	24
 757 02d8 61       		.byte	97
 758 02d9 02       		.byte	2
 759 02da 66       		.byte	102
 760 02db 08       		.byte	8
 761 02dc 70       		.byte	112
 762 02dd 08       		.byte	8
 763 02de 77       		.byte	119
 764 02df 80       		.byte	-128
 765 02e0 81       		.byte	-127
 766 02e1 02       		.byte	2
 767 02e2 82       		.byte	-126
 768 02e3 28       		.byte	40
 769 02e4 84       		.byte	-124
 770 02e5 08       		.byte	8
 771 02e6 87       		.byte	-121
 772 02e7 40       		.byte	64
 773 02e8 88       		.byte	-120
 774 02e9 04       		.byte	4
 775 02ea 8A       		.byte	-118
 776 02eb 10       		.byte	16
 777 02ec 8C       		.byte	-116
 778 02ed 98       		.byte	-104
 779 02ee 8F       		.byte	-113
 780 02ef 80       		.byte	-128
 781 02f0 97       		.byte	-105
 782 02f1 80       		.byte	-128
 783 02f2 A4       		.byte	-92
 784 02f3 80       		.byte	-128
 785 02f4 AA       		.byte	-86
 786 02f5 01       		.byte	1
 787 02f6 D4       		.byte	-44
 788 02f7 06       		.byte	6
 789 02f8 D6       		.byte	-42
 790 02f9 07       		.byte	7
 791 02fa D8       		.byte	-40
 792 02fb 03       		.byte	3
 793 02fc DC       		.byte	-36
 794 02fd 01       		.byte	1
 795 02fe DE       		.byte	-34
 796 02ff 04       		.byte	4
 797 0300 E0       		.byte	-32
 798 0301 0A       		.byte	10
ARM GAS  C:\Users\tmj32\AppData\Local\Temp\ccSqxso1.s 			page 15


 799 0302 E4       		.byte	-28
 800 0303 0F       		.byte	15
 801 0304 10       		.byte	16
 802 0305 01       		.byte	1
 803 0306 1C       		.byte	28
 804 0307 01       		.byte	1
 805 0308 00       		.byte	0
 806 0309 0F       		.byte	15
 807 030a 10       		.byte	16
 808 030b AA       		.byte	-86
 809 030c 00       		.byte	0
 810 030d FE       		.byte	-2
 811 030e FE       		.byte	-2
 812 030f 00       		.byte	0
 813 0310 FE       		.byte	-2
 814 0311 00       		.byte	0
 815 0312 00       		.byte	0
 816 0313 00       		.byte	0
 817 0314 00       		.byte	0
 818 0315 C0       		.byte	-64
 819 0316 C0       		.byte	-64
 820 0317 00       		.byte	0
 821 0318 C0       		.byte	-64
 822 0319 00       		.byte	0
 823 031a 00       		.byte	0
 824 031b 00       		.byte	0
 825 031c 00       		.byte	0
 826 031d 4B       		.byte	75
 827 031e 4B       		.byte	75
 828 031f 00       		.byte	0
 829 0320 40       		.byte	64
 830 0321 00       		.byte	0
 831 0322 00       		.byte	0
 832 0323 00       		.byte	0
 833 0324 00       		.byte	0
 834 0325 7F       		.byte	127
 835 0326 7F       		.byte	127
 836 0327 00       		.byte	0
 837 0328 00       		.byte	0
 838 0329 00       		.byte	0
 839 032a 00       		.byte	0
 840 032b 00       		.byte	0
 841 032c 00       		.byte	0
 842 032d F1       		.byte	-15
 843 032e F1       		.byte	-15
 844 032f 00       		.byte	0
 845 0330 F1       		.byte	-15
 846 0331 00       		.byte	0
 847 0332 00       		.byte	0
 848 0333 00       		.byte	0
 849 0334 00       		.byte	0
 850 0335 01       		.byte	1
 851 0336 01       		.byte	1
 852 0337 00       		.byte	0
 853 0338 01       		.byte	1
 854 0339 00       		.byte	0
 855 033a 00       		.byte	0
ARM GAS  C:\Users\tmj32\AppData\Local\Temp\ccSqxso1.s 			page 16


 856 033b 00       		.byte	0
 857 033c 00       		.byte	0
 858 033d FE       		.byte	-2
 859 033e FE       		.byte	-2
 860 033f 00       		.byte	0
 861 0340 FE       		.byte	-2
 862 0341 00       		.byte	0
 863 0342 00       		.byte	0
 864 0343 00       		.byte	0
 865 0344 02       		.byte	2
 866 0345 00       		.byte	0
 867 0346 00       		.byte	0
 868 0347 43       		.byte	67
 869 0348 41       		.byte	65
 870 0349 00       		.byte	0
 871 034a 41       		.byte	65
 872 034b 00       		.byte	0
 873 034c 00       		.byte	0
 874 034d 00       		.byte	0
 875 034e 00       		.byte	0
 876 034f 00       		.byte	0
 877 0350 00       		.byte	0
 878 0351 01       		.byte	1
 879 0352 00       		.byte	0
 880 0353 00       		.byte	0
 881 0354 00       		.byte	0
 882 0355 02       		.byte	2
 883 0356 00       		.byte	0
 884 0357 00       		.byte	0
 885 0358 00       		.byte	0
 886 0359 03       		.byte	3
 887 035a 00       		.byte	0
 888 035b 00       		.byte	0
 889              		.section	.cywolatch,"a",%progbits
 890              		.align	2
 891              		.type	cy_meta_wonvl, %object
 892              		.size	cy_meta_wonvl, 4
 893              	cy_meta_wonvl:
 894 0000 BC       		.byte	-68
 895 0001 90       		.byte	-112
 896 0002 AC       		.byte	-84
 897 0003 AF       		.byte	-81
 898              		.section	.cycustnvl,"a",%progbits
 899              		.align	2
 900              		.type	cy_meta_custnvl, %object
 901              		.size	cy_meta_custnvl, 4
 902              	cy_meta_custnvl:
 903 0000 00       		.byte	0
 904 0001 00       		.byte	0
 905 0002 40       		.byte	64
 906 0003 05       		.byte	5
 907              		.section	.cymeta,"a",%progbits
 908              		.align	2
 909              		.type	cy_metadata, %object
 910              		.size	cy_metadata, 12
 911              	cy_metadata:
 912 0000 00       		.byte	0
ARM GAS  C:\Users\tmj32\AppData\Local\Temp\ccSqxso1.s 			page 17


 913 0001 01       		.byte	1
 914 0002 2E       		.byte	46
 915 0003 12       		.byte	18
 916 0004 30       		.byte	48
 917 0005 69       		.byte	105
 918 0006 00       		.byte	0
 919 0007 01       		.byte	1
 920 0008 00       		.byte	0
 921 0009 00       		.byte	0
 922 000a 00       		.byte	0
 923 000b 00       		.byte	0
 924              		.section	.cyflashprotect,"a",%progbits
 925              		.align	2
 926              		.type	cy_meta_flashprotect, %object
 927              		.size	cy_meta_flashprotect, 256
 928              	cy_meta_flashprotect:
 929 0000 00000000 		.space	256
 929      00000000 
 929      00000000 
 929      00000000 
 929      00000000 
 930              		.text
 931              	.Letext0:
 932              		.file 1 "c:\\program files (x86)\\cypress\\psoc creator\\4.2\\psoc creator\\import\\gnu\\arm\\5.4.
 933              		.file 2 "c:\\program files (x86)\\cypress\\psoc creator\\4.2\\psoc creator\\import\\gnu\\arm\\5.4.
 934              		.file 3 "Generated_Source\\PSoC5\\cymetadata.c"
 935              		.section	.debug_info,"",%progbits
 936              	.Ldebug_info0:
 937 0000 31010000 		.4byte	0x131
 938 0004 0400     		.2byte	0x4
 939 0006 00000000 		.4byte	.Ldebug_abbrev0
 940 000a 04       		.byte	0x4
 941 000b 01       		.uleb128 0x1
 942 000c 24000000 		.4byte	.LASF17
 943 0010 0C       		.byte	0xc
 944 0011 CE010000 		.4byte	.LASF18
 945 0015 3A010000 		.4byte	.LASF19
 946 0019 00000000 		.4byte	.Ldebug_line0
 947 001d 02       		.uleb128 0x2
 948 001e 01       		.byte	0x1
 949 001f 06       		.byte	0x6
 950 0020 C2010000 		.4byte	.LASF0
 951 0024 03       		.uleb128 0x3
 952 0025 00000000 		.4byte	.LASF9
 953 0029 01       		.byte	0x1
 954 002a 1D       		.byte	0x1d
 955 002b 2F000000 		.4byte	0x2f
 956 002f 02       		.uleb128 0x2
 957 0030 01       		.byte	0x1
 958 0031 08       		.byte	0x8
 959 0032 16000000 		.4byte	.LASF1
 960 0036 02       		.uleb128 0x2
 961 0037 02       		.byte	0x2
 962 0038 05       		.byte	0x5
 963 0039 AF010000 		.4byte	.LASF2
 964 003d 02       		.uleb128 0x2
 965 003e 02       		.byte	0x2
ARM GAS  C:\Users\tmj32\AppData\Local\Temp\ccSqxso1.s 			page 18


 966 003f 07       		.byte	0x7
 967 0040 C4000000 		.4byte	.LASF3
 968 0044 02       		.uleb128 0x2
 969 0045 04       		.byte	0x4
 970 0046 05       		.byte	0x5
 971 0047 B9010000 		.4byte	.LASF4
 972 004b 02       		.uleb128 0x2
 973 004c 04       		.byte	0x4
 974 004d 07       		.byte	0x7
 975 004e B2000000 		.4byte	.LASF5
 976 0052 02       		.uleb128 0x2
 977 0053 08       		.byte	0x8
 978 0054 05       		.byte	0x5
 979 0055 93010000 		.4byte	.LASF6
 980 0059 02       		.uleb128 0x2
 981 005a 08       		.byte	0x8
 982 005b 07       		.byte	0x7
 983 005c 06010000 		.4byte	.LASF7
 984 0060 04       		.uleb128 0x4
 985 0061 04       		.byte	0x4
 986 0062 05       		.byte	0x5
 987 0063 696E7400 		.ascii	"int\000"
 988 0067 02       		.uleb128 0x2
 989 0068 04       		.byte	0x4
 990 0069 07       		.byte	0x7
 991 006a F9000000 		.4byte	.LASF8
 992 006e 03       		.uleb128 0x3
 993 006f 1D010000 		.4byte	.LASF10
 994 0073 02       		.byte	0x2
 995 0074 18       		.byte	0x18
 996 0075 24000000 		.4byte	0x24
 997 0079 05       		.uleb128 0x5
 998 007a 91000000 		.4byte	0x91
 999 007e 8A000000 		.4byte	0x8a
 1000 0082 06       		.uleb128 0x6
 1001 0083 8A000000 		.4byte	0x8a
 1002 0087 5B03     		.2byte	0x35b
 1003 0089 00       		.byte	0
 1004 008a 02       		.uleb128 0x2
 1005 008b 04       		.byte	0x4
 1006 008c 07       		.byte	0x7
 1007 008d 8A010000 		.4byte	.LASF11
 1008 0091 07       		.uleb128 0x7
 1009 0092 6E000000 		.4byte	0x6e
 1010 0096 08       		.uleb128 0x8
 1011 0097 E7000000 		.4byte	.LASF12
 1012 009b 03       		.byte	0x3
 1013 009c 1F       		.byte	0x1f
 1014 009d A7000000 		.4byte	0xa7
 1015 00a1 05       		.uleb128 0x5
 1016 00a2 03       		.byte	0x3
 1017 00a3 00000000 		.4byte	cy_meta_configecc
 1018 00a7 07       		.uleb128 0x7
 1019 00a8 79000000 		.4byte	0x79
 1020 00ac 05       		.uleb128 0x5
 1021 00ad 91000000 		.4byte	0x91
 1022 00b1 BC000000 		.4byte	0xbc
ARM GAS  C:\Users\tmj32\AppData\Local\Temp\ccSqxso1.s 			page 19


 1023 00b5 09       		.uleb128 0x9
 1024 00b6 8A000000 		.4byte	0x8a
 1025 00ba 03       		.byte	0x3
 1026 00bb 00       		.byte	0
 1027 00bc 08       		.uleb128 0x8
 1028 00bd D7000000 		.4byte	.LASF13
 1029 00c1 03       		.byte	0x3
 1030 00c2 98       		.byte	0x98
 1031 00c3 CD000000 		.4byte	0xcd
 1032 00c7 05       		.uleb128 0x5
 1033 00c8 03       		.byte	0x3
 1034 00c9 00000000 		.4byte	cy_meta_custnvl
 1035 00cd 07       		.uleb128 0x7
 1036 00ce AC000000 		.4byte	0xac
 1037 00d2 08       		.uleb128 0x8
 1038 00d3 A1010000 		.4byte	.LASF14
 1039 00d7 03       		.byte	0x3
 1040 00d8 A6       		.byte	0xa6
 1041 00d9 E3000000 		.4byte	0xe3
 1042 00dd 05       		.uleb128 0x5
 1043 00de 03       		.byte	0x3
 1044 00df 00000000 		.4byte	cy_meta_wonvl
 1045 00e3 07       		.uleb128 0x7
 1046 00e4 AC000000 		.4byte	0xac
 1047 00e8 05       		.uleb128 0x5
 1048 00e9 91000000 		.4byte	0x91
 1049 00ed F8000000 		.4byte	0xf8
 1050 00f1 09       		.uleb128 0x9
 1051 00f2 8A000000 		.4byte	0x8a
 1052 00f6 FF       		.byte	0xff
 1053 00f7 00       		.byte	0
 1054 00f8 08       		.uleb128 0x8
 1055 00f9 25010000 		.4byte	.LASF15
 1056 00fd 03       		.byte	0x3
 1057 00fe B4       		.byte	0xb4
 1058 00ff 09010000 		.4byte	0x109
 1059 0103 05       		.uleb128 0x5
 1060 0104 03       		.byte	0x3
 1061 0105 00000000 		.4byte	cy_meta_flashprotect
 1062 0109 07       		.uleb128 0x7
 1063 010a E8000000 		.4byte	0xe8
 1064 010e 05       		.uleb128 0x5
 1065 010f 91000000 		.4byte	0x91
 1066 0113 1E010000 		.4byte	0x11e
 1067 0117 09       		.uleb128 0x9
 1068 0118 8A000000 		.4byte	0x8a
 1069 011c 0B       		.byte	0xb
 1070 011d 00       		.byte	0
 1071 011e 08       		.uleb128 0x8
 1072 011f 0A000000 		.4byte	.LASF16
 1073 0123 03       		.byte	0x3
 1074 0124 E1       		.byte	0xe1
 1075 0125 2F010000 		.4byte	0x12f
 1076 0129 05       		.uleb128 0x5
 1077 012a 03       		.byte	0x3
 1078 012b 00000000 		.4byte	cy_metadata
 1079 012f 07       		.uleb128 0x7
ARM GAS  C:\Users\tmj32\AppData\Local\Temp\ccSqxso1.s 			page 20


 1080 0130 0E010000 		.4byte	0x10e
 1081 0134 00       		.byte	0
 1082              		.section	.debug_abbrev,"",%progbits
 1083              	.Ldebug_abbrev0:
 1084 0000 01       		.uleb128 0x1
 1085 0001 11       		.uleb128 0x11
 1086 0002 01       		.byte	0x1
 1087 0003 25       		.uleb128 0x25
 1088 0004 0E       		.uleb128 0xe
 1089 0005 13       		.uleb128 0x13
 1090 0006 0B       		.uleb128 0xb
 1091 0007 03       		.uleb128 0x3
 1092 0008 0E       		.uleb128 0xe
 1093 0009 1B       		.uleb128 0x1b
 1094 000a 0E       		.uleb128 0xe
 1095 000b 10       		.uleb128 0x10
 1096 000c 17       		.uleb128 0x17
 1097 000d 00       		.byte	0
 1098 000e 00       		.byte	0
 1099 000f 02       		.uleb128 0x2
 1100 0010 24       		.uleb128 0x24
 1101 0011 00       		.byte	0
 1102 0012 0B       		.uleb128 0xb
 1103 0013 0B       		.uleb128 0xb
 1104 0014 3E       		.uleb128 0x3e
 1105 0015 0B       		.uleb128 0xb
 1106 0016 03       		.uleb128 0x3
 1107 0017 0E       		.uleb128 0xe
 1108 0018 00       		.byte	0
 1109 0019 00       		.byte	0
 1110 001a 03       		.uleb128 0x3
 1111 001b 16       		.uleb128 0x16
 1112 001c 00       		.byte	0
 1113 001d 03       		.uleb128 0x3
 1114 001e 0E       		.uleb128 0xe
 1115 001f 3A       		.uleb128 0x3a
 1116 0020 0B       		.uleb128 0xb
 1117 0021 3B       		.uleb128 0x3b
 1118 0022 0B       		.uleb128 0xb
 1119 0023 49       		.uleb128 0x49
 1120 0024 13       		.uleb128 0x13
 1121 0025 00       		.byte	0
 1122 0026 00       		.byte	0
 1123 0027 04       		.uleb128 0x4
 1124 0028 24       		.uleb128 0x24
 1125 0029 00       		.byte	0
 1126 002a 0B       		.uleb128 0xb
 1127 002b 0B       		.uleb128 0xb
 1128 002c 3E       		.uleb128 0x3e
 1129 002d 0B       		.uleb128 0xb
 1130 002e 03       		.uleb128 0x3
 1131 002f 08       		.uleb128 0x8
 1132 0030 00       		.byte	0
 1133 0031 00       		.byte	0
 1134 0032 05       		.uleb128 0x5
 1135 0033 01       		.uleb128 0x1
 1136 0034 01       		.byte	0x1
ARM GAS  C:\Users\tmj32\AppData\Local\Temp\ccSqxso1.s 			page 21


 1137 0035 49       		.uleb128 0x49
 1138 0036 13       		.uleb128 0x13
 1139 0037 01       		.uleb128 0x1
 1140 0038 13       		.uleb128 0x13
 1141 0039 00       		.byte	0
 1142 003a 00       		.byte	0
 1143 003b 06       		.uleb128 0x6
 1144 003c 21       		.uleb128 0x21
 1145 003d 00       		.byte	0
 1146 003e 49       		.uleb128 0x49
 1147 003f 13       		.uleb128 0x13
 1148 0040 2F       		.uleb128 0x2f
 1149 0041 05       		.uleb128 0x5
 1150 0042 00       		.byte	0
 1151 0043 00       		.byte	0
 1152 0044 07       		.uleb128 0x7
 1153 0045 26       		.uleb128 0x26
 1154 0046 00       		.byte	0
 1155 0047 49       		.uleb128 0x49
 1156 0048 13       		.uleb128 0x13
 1157 0049 00       		.byte	0
 1158 004a 00       		.byte	0
 1159 004b 08       		.uleb128 0x8
 1160 004c 34       		.uleb128 0x34
 1161 004d 00       		.byte	0
 1162 004e 03       		.uleb128 0x3
 1163 004f 0E       		.uleb128 0xe
 1164 0050 3A       		.uleb128 0x3a
 1165 0051 0B       		.uleb128 0xb
 1166 0052 3B       		.uleb128 0x3b
 1167 0053 0B       		.uleb128 0xb
 1168 0054 49       		.uleb128 0x49
 1169 0055 13       		.uleb128 0x13
 1170 0056 3F       		.uleb128 0x3f
 1171 0057 19       		.uleb128 0x19
 1172 0058 02       		.uleb128 0x2
 1173 0059 18       		.uleb128 0x18
 1174 005a 00       		.byte	0
 1175 005b 00       		.byte	0
 1176 005c 09       		.uleb128 0x9
 1177 005d 21       		.uleb128 0x21
 1178 005e 00       		.byte	0
 1179 005f 49       		.uleb128 0x49
 1180 0060 13       		.uleb128 0x13
 1181 0061 2F       		.uleb128 0x2f
 1182 0062 0B       		.uleb128 0xb
 1183 0063 00       		.byte	0
 1184 0064 00       		.byte	0
 1185 0065 00       		.byte	0
 1186              		.section	.debug_aranges,"",%progbits
 1187 0000 14000000 		.4byte	0x14
 1188 0004 0200     		.2byte	0x2
 1189 0006 00000000 		.4byte	.Ldebug_info0
 1190 000a 04       		.byte	0x4
 1191 000b 00       		.byte	0
 1192 000c 0000     		.2byte	0
 1193 000e 0000     		.2byte	0
ARM GAS  C:\Users\tmj32\AppData\Local\Temp\ccSqxso1.s 			page 22


 1194 0010 00000000 		.4byte	0
 1195 0014 00000000 		.4byte	0
 1196              		.section	.debug_line,"",%progbits
 1197              	.Ldebug_line0:
 1198 0000 3D010000 		.section	.debug_str,"MS",%progbits,1
 1198      02003701 
 1198      00000201 
 1198      FB0E0D00 
 1198      01010101 
 1199              	.LASF9:
 1200 0000 5F5F7569 		.ascii	"__uint8_t\000"
 1200      6E74385F 
 1200      7400
 1201              	.LASF16:
 1202 000a 63795F6D 		.ascii	"cy_metadata\000"
 1202      65746164 
 1202      61746100 
 1203              	.LASF1:
 1204 0016 756E7369 		.ascii	"unsigned char\000"
 1204      676E6564 
 1204      20636861 
 1204      7200
 1205              	.LASF17:
 1206 0024 474E5520 		.ascii	"GNU C11 5.4.1 20160609 (release) [ARM/embedded-5-br"
 1206      43313120 
 1206      352E342E 
 1206      31203230 
 1206      31363036 
 1207 0057 616E6368 		.ascii	"anch revision 237715] -mcpu=cortex-m3 -mthumb -g -O"
 1207      20726576 
 1207      6973696F 
 1207      6E203233 
 1207      37373135 
 1208 008a 67202D66 		.ascii	"g -ffunction-sections -ffat-lto-objects\000"
 1208      66756E63 
 1208      74696F6E 
 1208      2D736563 
 1208      74696F6E 
 1209              	.LASF5:
 1210 00b2 6C6F6E67 		.ascii	"long unsigned int\000"
 1210      20756E73 
 1210      69676E65 
 1210      6420696E 
 1210      7400
 1211              	.LASF3:
 1212 00c4 73686F72 		.ascii	"short unsigned int\000"
 1212      7420756E 
 1212      7369676E 
 1212      65642069 
 1212      6E7400
 1213              	.LASF13:
 1214 00d7 63795F6D 		.ascii	"cy_meta_custnvl\000"
 1214      6574615F 
 1214      63757374 
 1214      6E766C00 
 1215              	.LASF12:
 1216 00e7 63795F6D 		.ascii	"cy_meta_configecc\000"
ARM GAS  C:\Users\tmj32\AppData\Local\Temp\ccSqxso1.s 			page 23


 1216      6574615F 
 1216      636F6E66 
 1216      69676563 
 1216      6300
 1217              	.LASF8:
 1218 00f9 756E7369 		.ascii	"unsigned int\000"
 1218      676E6564 
 1218      20696E74 
 1218      00
 1219              	.LASF7:
 1220 0106 6C6F6E67 		.ascii	"long long unsigned int\000"
 1220      206C6F6E 
 1220      6720756E 
 1220      7369676E 
 1220      65642069 
 1221              	.LASF10:
 1222 011d 75696E74 		.ascii	"uint8_t\000"
 1222      385F7400 
 1223              	.LASF15:
 1224 0125 63795F6D 		.ascii	"cy_meta_flashprotect\000"
 1224      6574615F 
 1224      666C6173 
 1224      6870726F 
 1224      74656374 
 1225              	.LASF19:
 1226 013a 433A5C55 		.ascii	"C:\\Users\\tmj32\\Desktop\\343Final\\PSOC_C_AlarmCl"
 1226      73657273 
 1226      5C746D6A 
 1226      33325C44 
 1226      65736B74 
 1227 0168 6F636B55 		.ascii	"ockUsingInterrupts\\Design01.cydsn\000"
 1227      73696E67 
 1227      496E7465 
 1227      72727570 
 1227      74735C44 
 1228              	.LASF11:
 1229 018a 73697A65 		.ascii	"sizetype\000"
 1229      74797065 
 1229      00
 1230              	.LASF6:
 1231 0193 6C6F6E67 		.ascii	"long long int\000"
 1231      206C6F6E 
 1231      6720696E 
 1231      7400
 1232              	.LASF14:
 1233 01a1 63795F6D 		.ascii	"cy_meta_wonvl\000"
 1233      6574615F 
 1233      776F6E76 
 1233      6C00
 1234              	.LASF2:
 1235 01af 73686F72 		.ascii	"short int\000"
 1235      7420696E 
 1235      7400
 1236              	.LASF4:
 1237 01b9 6C6F6E67 		.ascii	"long int\000"
 1237      20696E74 
 1237      00
ARM GAS  C:\Users\tmj32\AppData\Local\Temp\ccSqxso1.s 			page 24


 1238              	.LASF0:
 1239 01c2 7369676E 		.ascii	"signed char\000"
 1239      65642063 
 1239      68617200 
 1240              	.LASF18:
 1241 01ce 47656E65 		.ascii	"Generated_Source\\PSoC5\\cymetadata.c\000"
 1241      72617465 
 1241      645F536F 
 1241      75726365 
 1241      5C50536F 
 1242              		.ident	"GCC: (GNU Tools for ARM Embedded Processors) 5.4.1 20160609 (release) [ARM/embedded-5-bran
