ARM GAS  C:\Users\tmj32\AppData\Local\Temp\cczqBzZg.s 			page 1


   1              		.syntax unified
   2              		.cpu cortex-m3
   3              		.fpu softvfp
   4              		.eabi_attribute 20, 1
   5              		.eabi_attribute 21, 1
   6              		.eabi_attribute 23, 3
   7              		.eabi_attribute 24, 1
   8              		.eabi_attribute 25, 1
   9              		.eabi_attribute 26, 1
  10              		.eabi_attribute 30, 1
  11              		.eabi_attribute 34, 1
  12              		.eabi_attribute 18, 4
  13              		.thumb
  14              		.syntax unified
  15              		.file	"Driver_DMA_Com_dma.c"
  16              		.text
  17              	.Ltext0:
  18              		.cfi_sections	.debug_frame
  19              		.section	.text.Driver_DMA_Com_DmaInitialize,"ax",%progbits
  20              		.align	2
  21              		.global	Driver_DMA_Com_DmaInitialize
  22              		.thumb
  23              		.thumb_func
  24              		.type	Driver_DMA_Com_DmaInitialize, %function
  25              	Driver_DMA_Com_DmaInitialize:
  26              	.LFB0:
  27              		.file 1 "Generated_Source\\PSoC5\\Driver_DMA_Com_dma.c"
   1:Generated_Source\PSoC5/Driver_DMA_Com_dma.c **** /***************************************************************************
   2:Generated_Source\PSoC5/Driver_DMA_Com_dma.c **** * File Name: Driver_DMA_Com_dma.c  
   3:Generated_Source\PSoC5/Driver_DMA_Com_dma.c **** * Version 1.70
   4:Generated_Source\PSoC5/Driver_DMA_Com_dma.c **** *
   5:Generated_Source\PSoC5/Driver_DMA_Com_dma.c **** *  Description:
   6:Generated_Source\PSoC5/Driver_DMA_Com_dma.c **** *   Provides an API for the DMAC component. The API includes functions
   7:Generated_Source\PSoC5/Driver_DMA_Com_dma.c **** *   for the DMA controller, DMA channels and Transfer Descriptors.
   8:Generated_Source\PSoC5/Driver_DMA_Com_dma.c **** *
   9:Generated_Source\PSoC5/Driver_DMA_Com_dma.c **** *
  10:Generated_Source\PSoC5/Driver_DMA_Com_dma.c **** *   Note:
  11:Generated_Source\PSoC5/Driver_DMA_Com_dma.c **** *     This module requires the developer to finish or fill in the auto
  12:Generated_Source\PSoC5/Driver_DMA_Com_dma.c **** *     generated funcions and setup the dma channel and TD's.
  13:Generated_Source\PSoC5/Driver_DMA_Com_dma.c **** *
  14:Generated_Source\PSoC5/Driver_DMA_Com_dma.c **** ********************************************************************************
  15:Generated_Source\PSoC5/Driver_DMA_Com_dma.c **** * Copyright 2008-2010, Cypress Semiconductor Corporation.  All rights reserved.
  16:Generated_Source\PSoC5/Driver_DMA_Com_dma.c **** * You may use this file only in accordance with the license, terms, conditions, 
  17:Generated_Source\PSoC5/Driver_DMA_Com_dma.c **** * disclaimers, and limitations in the end user license agreement accompanying 
  18:Generated_Source\PSoC5/Driver_DMA_Com_dma.c **** * the software package with which this file was provided.
  19:Generated_Source\PSoC5/Driver_DMA_Com_dma.c **** ********************************************************************************/
  20:Generated_Source\PSoC5/Driver_DMA_Com_dma.c **** #include <CYLIB.H>
  21:Generated_Source\PSoC5/Driver_DMA_Com_dma.c **** #include <CYDMAC.H>
  22:Generated_Source\PSoC5/Driver_DMA_Com_dma.c **** #include <Driver_DMA_Com_dma.H>
  23:Generated_Source\PSoC5/Driver_DMA_Com_dma.c **** 
  24:Generated_Source\PSoC5/Driver_DMA_Com_dma.c **** 
  25:Generated_Source\PSoC5/Driver_DMA_Com_dma.c **** 
  26:Generated_Source\PSoC5/Driver_DMA_Com_dma.c **** /****************************************************************************
  27:Generated_Source\PSoC5/Driver_DMA_Com_dma.c **** * 
  28:Generated_Source\PSoC5/Driver_DMA_Com_dma.c **** * The following defines are available in Cyfitter.h
  29:Generated_Source\PSoC5/Driver_DMA_Com_dma.c **** * 
  30:Generated_Source\PSoC5/Driver_DMA_Com_dma.c **** * 
ARM GAS  C:\Users\tmj32\AppData\Local\Temp\cczqBzZg.s 			page 2


  31:Generated_Source\PSoC5/Driver_DMA_Com_dma.c **** * 
  32:Generated_Source\PSoC5/Driver_DMA_Com_dma.c **** * Driver_DMA_Com__DRQ_CTL_REG
  33:Generated_Source\PSoC5/Driver_DMA_Com_dma.c **** * 
  34:Generated_Source\PSoC5/Driver_DMA_Com_dma.c **** * 
  35:Generated_Source\PSoC5/Driver_DMA_Com_dma.c **** * Driver_DMA_Com__DRQ_NUMBER
  36:Generated_Source\PSoC5/Driver_DMA_Com_dma.c **** * 
  37:Generated_Source\PSoC5/Driver_DMA_Com_dma.c **** * Number of TD's used by this channel.
  38:Generated_Source\PSoC5/Driver_DMA_Com_dma.c **** * Driver_DMA_Com__NUMBEROF_TDS
  39:Generated_Source\PSoC5/Driver_DMA_Com_dma.c **** * 
  40:Generated_Source\PSoC5/Driver_DMA_Com_dma.c **** * Priority of this channel.
  41:Generated_Source\PSoC5/Driver_DMA_Com_dma.c **** * Driver_DMA_Com__PRIORITY
  42:Generated_Source\PSoC5/Driver_DMA_Com_dma.c **** * 
  43:Generated_Source\PSoC5/Driver_DMA_Com_dma.c **** * True if Driver_DMA_Com_TERMIN_SEL is used.
  44:Generated_Source\PSoC5/Driver_DMA_Com_dma.c **** * Driver_DMA_Com__TERMIN_EN
  45:Generated_Source\PSoC5/Driver_DMA_Com_dma.c **** * 
  46:Generated_Source\PSoC5/Driver_DMA_Com_dma.c **** * TERMIN interrupt line to signal terminate.
  47:Generated_Source\PSoC5/Driver_DMA_Com_dma.c **** * Driver_DMA_Com__TERMIN_SEL
  48:Generated_Source\PSoC5/Driver_DMA_Com_dma.c **** * 
  49:Generated_Source\PSoC5/Driver_DMA_Com_dma.c **** * 
  50:Generated_Source\PSoC5/Driver_DMA_Com_dma.c **** * True if Driver_DMA_Com_TERMOUT0_SEL is used.
  51:Generated_Source\PSoC5/Driver_DMA_Com_dma.c **** * Driver_DMA_Com__TERMOUT0_EN
  52:Generated_Source\PSoC5/Driver_DMA_Com_dma.c **** * 
  53:Generated_Source\PSoC5/Driver_DMA_Com_dma.c **** * 
  54:Generated_Source\PSoC5/Driver_DMA_Com_dma.c **** * TERMOUT0 interrupt line to signal completion.
  55:Generated_Source\PSoC5/Driver_DMA_Com_dma.c **** * Driver_DMA_Com__TERMOUT0_SEL
  56:Generated_Source\PSoC5/Driver_DMA_Com_dma.c **** * 
  57:Generated_Source\PSoC5/Driver_DMA_Com_dma.c **** * 
  58:Generated_Source\PSoC5/Driver_DMA_Com_dma.c **** * True if Driver_DMA_Com_TERMOUT1_SEL is used.
  59:Generated_Source\PSoC5/Driver_DMA_Com_dma.c **** * Driver_DMA_Com__TERMOUT1_EN
  60:Generated_Source\PSoC5/Driver_DMA_Com_dma.c **** * 
  61:Generated_Source\PSoC5/Driver_DMA_Com_dma.c **** * 
  62:Generated_Source\PSoC5/Driver_DMA_Com_dma.c **** * TERMOUT1 interrupt line to signal completion.
  63:Generated_Source\PSoC5/Driver_DMA_Com_dma.c **** * Driver_DMA_Com__TERMOUT1_SEL
  64:Generated_Source\PSoC5/Driver_DMA_Com_dma.c **** * 
  65:Generated_Source\PSoC5/Driver_DMA_Com_dma.c **** ****************************************************************************/
  66:Generated_Source\PSoC5/Driver_DMA_Com_dma.c **** 
  67:Generated_Source\PSoC5/Driver_DMA_Com_dma.c **** 
  68:Generated_Source\PSoC5/Driver_DMA_Com_dma.c **** /* Zero based index of Driver_DMA_Com dma channel */
  69:Generated_Source\PSoC5/Driver_DMA_Com_dma.c **** uint8 Driver_DMA_Com_DmaHandle = DMA_INVALID_CHANNEL;
  70:Generated_Source\PSoC5/Driver_DMA_Com_dma.c **** 
  71:Generated_Source\PSoC5/Driver_DMA_Com_dma.c **** /*********************************************************************
  72:Generated_Source\PSoC5/Driver_DMA_Com_dma.c **** * Function Name: uint8 Driver_DMA_Com_DmaInitalize
  73:Generated_Source\PSoC5/Driver_DMA_Com_dma.c **** **********************************************************************
  74:Generated_Source\PSoC5/Driver_DMA_Com_dma.c **** * Summary:
  75:Generated_Source\PSoC5/Driver_DMA_Com_dma.c **** *   Allocates and initialises a channel of the DMAC to be used by the
  76:Generated_Source\PSoC5/Driver_DMA_Com_dma.c **** *   caller.
  77:Generated_Source\PSoC5/Driver_DMA_Com_dma.c **** *
  78:Generated_Source\PSoC5/Driver_DMA_Com_dma.c **** * Parameters:
  79:Generated_Source\PSoC5/Driver_DMA_Com_dma.c **** *   BurstCount.
  80:Generated_Source\PSoC5/Driver_DMA_Com_dma.c **** *       
  81:Generated_Source\PSoC5/Driver_DMA_Com_dma.c **** *       
  82:Generated_Source\PSoC5/Driver_DMA_Com_dma.c **** *   ReqestPerBurst.
  83:Generated_Source\PSoC5/Driver_DMA_Com_dma.c **** *       
  84:Generated_Source\PSoC5/Driver_DMA_Com_dma.c **** *       
  85:Generated_Source\PSoC5/Driver_DMA_Com_dma.c **** *   UpperSrcAddress.
  86:Generated_Source\PSoC5/Driver_DMA_Com_dma.c **** *       
  87:Generated_Source\PSoC5/Driver_DMA_Com_dma.c **** *       
ARM GAS  C:\Users\tmj32\AppData\Local\Temp\cczqBzZg.s 			page 3


  88:Generated_Source\PSoC5/Driver_DMA_Com_dma.c **** *   UpperDestAddress.
  89:Generated_Source\PSoC5/Driver_DMA_Com_dma.c **** *       
  90:Generated_Source\PSoC5/Driver_DMA_Com_dma.c **** *
  91:Generated_Source\PSoC5/Driver_DMA_Com_dma.c **** * Return:
  92:Generated_Source\PSoC5/Driver_DMA_Com_dma.c **** *   The channel that can be used by the caller for DMA activity.
  93:Generated_Source\PSoC5/Driver_DMA_Com_dma.c **** *   DMA_INVALID_CHANNEL (0xFF) if there are no channels left. 
  94:Generated_Source\PSoC5/Driver_DMA_Com_dma.c **** *
  95:Generated_Source\PSoC5/Driver_DMA_Com_dma.c **** *
  96:Generated_Source\PSoC5/Driver_DMA_Com_dma.c **** *******************************************************************/
  97:Generated_Source\PSoC5/Driver_DMA_Com_dma.c **** uint8 Driver_DMA_Com_DmaInitialize(uint8 BurstCount, uint8 ReqestPerBurst, uint16 UpperSrcAddress, 
  98:Generated_Source\PSoC5/Driver_DMA_Com_dma.c **** {
  28              		.loc 1 98 0
  29              		.cfi_startproc
  30              		@ args = 0, pretend = 0, frame = 0
  31              		@ frame_needed = 0, uses_anonymous_args = 0
  32              	.LVL0:
  33 0000 F0B5     		push	{r4, r5, r6, r7, lr}
  34              		.cfi_def_cfa_offset 20
  35              		.cfi_offset 4, -20
  36              		.cfi_offset 5, -16
  37              		.cfi_offset 6, -12
  38              		.cfi_offset 7, -8
  39              		.cfi_offset 14, -4
  40 0002 83B0     		sub	sp, sp, #12
  41              		.cfi_def_cfa_offset 32
  42 0004 1646     		mov	r6, r2
  43 0006 1F46     		mov	r7, r3
  99:Generated_Source\PSoC5/Driver_DMA_Com_dma.c **** 
 100:Generated_Source\PSoC5/Driver_DMA_Com_dma.c ****     /* Allocate a DMA channel. */
 101:Generated_Source\PSoC5/Driver_DMA_Com_dma.c ****     Driver_DMA_Com_DmaHandle = (uint8)Driver_DMA_Com__DRQ_NUMBER;
  44              		.loc 1 101 0
  45 0008 0B4C     		ldr	r4, .L3
  46 000a 0225     		movs	r5, #2
  47 000c 2570     		strb	r5, [r4]
 102:Generated_Source\PSoC5/Driver_DMA_Com_dma.c **** 
 103:Generated_Source\PSoC5/Driver_DMA_Com_dma.c ****     /* Configure the channel. */
 104:Generated_Source\PSoC5/Driver_DMA_Com_dma.c ****     (void)CyDmaChSetConfiguration(Driver_DMA_Com_DmaHandle,
  48              		.loc 1 104 0
  49 000e 0023     		movs	r3, #0
  50              	.LVL1:
  51 0010 0193     		str	r3, [sp, #4]
  52 0012 0093     		str	r3, [sp]
  53 0014 2B46     		mov	r3, r5
  54 0016 0A46     		mov	r2, r1
  55              	.LVL2:
  56 0018 0146     		mov	r1, r0
  57              	.LVL3:
  58 001a 2846     		mov	r0, r5
  59              	.LVL4:
  60 001c FFF7FEFF 		bl	CyDmaChSetConfiguration
  61              	.LVL5:
 105:Generated_Source\PSoC5/Driver_DMA_Com_dma.c ****                                   BurstCount,
 106:Generated_Source\PSoC5/Driver_DMA_Com_dma.c ****                                   ReqestPerBurst,
 107:Generated_Source\PSoC5/Driver_DMA_Com_dma.c ****                                   (uint8)Driver_DMA_Com__TERMOUT0_SEL,
 108:Generated_Source\PSoC5/Driver_DMA_Com_dma.c ****                                   (uint8)Driver_DMA_Com__TERMOUT1_SEL,
 109:Generated_Source\PSoC5/Driver_DMA_Com_dma.c ****                                   (uint8)Driver_DMA_Com__TERMIN_SEL);
 110:Generated_Source\PSoC5/Driver_DMA_Com_dma.c **** 
ARM GAS  C:\Users\tmj32\AppData\Local\Temp\cczqBzZg.s 			page 4


 111:Generated_Source\PSoC5/Driver_DMA_Com_dma.c ****     /* Set the extended address for the transfers */
 112:Generated_Source\PSoC5/Driver_DMA_Com_dma.c ****     (void)CyDmaChSetExtendedAddress(Driver_DMA_Com_DmaHandle, UpperSrcAddress, UpperDestAddress);
  62              		.loc 1 112 0
  63 0020 3A46     		mov	r2, r7
  64 0022 3146     		mov	r1, r6
  65 0024 2078     		ldrb	r0, [r4]	@ zero_extendqisi2
  66 0026 FFF7FEFF 		bl	CyDmaChSetExtendedAddress
  67              	.LVL6:
 113:Generated_Source\PSoC5/Driver_DMA_Com_dma.c **** 
 114:Generated_Source\PSoC5/Driver_DMA_Com_dma.c ****     /* Set the priority for this channel */
 115:Generated_Source\PSoC5/Driver_DMA_Com_dma.c ****     (void)CyDmaChPriority(Driver_DMA_Com_DmaHandle, (uint8)Driver_DMA_Com__PRIORITY);
  68              		.loc 1 115 0
  69 002a 2946     		mov	r1, r5
  70 002c 2078     		ldrb	r0, [r4]	@ zero_extendqisi2
  71 002e FFF7FEFF 		bl	CyDmaChPriority
  72              	.LVL7:
 116:Generated_Source\PSoC5/Driver_DMA_Com_dma.c ****     
 117:Generated_Source\PSoC5/Driver_DMA_Com_dma.c ****     return Driver_DMA_Com_DmaHandle;
 118:Generated_Source\PSoC5/Driver_DMA_Com_dma.c **** }
  73              		.loc 1 118 0
  74 0032 2078     		ldrb	r0, [r4]	@ zero_extendqisi2
  75 0034 03B0     		add	sp, sp, #12
  76              		.cfi_def_cfa_offset 20
  77              		@ sp needed
  78 0036 F0BD     		pop	{r4, r5, r6, r7, pc}
  79              	.L4:
  80              		.align	2
  81              	.L3:
  82 0038 00000000 		.word	.LANCHOR0
  83              		.cfi_endproc
  84              	.LFE0:
  85              		.size	Driver_DMA_Com_DmaInitialize, .-Driver_DMA_Com_DmaInitialize
  86              		.section	.text.Driver_DMA_Com_DmaRelease,"ax",%progbits
  87              		.align	2
  88              		.global	Driver_DMA_Com_DmaRelease
  89              		.thumb
  90              		.thumb_func
  91              		.type	Driver_DMA_Com_DmaRelease, %function
  92              	Driver_DMA_Com_DmaRelease:
  93              	.LFB1:
 119:Generated_Source\PSoC5/Driver_DMA_Com_dma.c **** 
 120:Generated_Source\PSoC5/Driver_DMA_Com_dma.c **** /*********************************************************************
 121:Generated_Source\PSoC5/Driver_DMA_Com_dma.c **** * Function Name: void Driver_DMA_Com_DmaRelease
 122:Generated_Source\PSoC5/Driver_DMA_Com_dma.c **** **********************************************************************
 123:Generated_Source\PSoC5/Driver_DMA_Com_dma.c **** * Summary:
 124:Generated_Source\PSoC5/Driver_DMA_Com_dma.c **** *   Frees the channel associated with Driver_DMA_Com.
 125:Generated_Source\PSoC5/Driver_DMA_Com_dma.c **** *
 126:Generated_Source\PSoC5/Driver_DMA_Com_dma.c **** *
 127:Generated_Source\PSoC5/Driver_DMA_Com_dma.c **** * Parameters:
 128:Generated_Source\PSoC5/Driver_DMA_Com_dma.c **** *   void.
 129:Generated_Source\PSoC5/Driver_DMA_Com_dma.c **** *
 130:Generated_Source\PSoC5/Driver_DMA_Com_dma.c **** *
 131:Generated_Source\PSoC5/Driver_DMA_Com_dma.c **** *
 132:Generated_Source\PSoC5/Driver_DMA_Com_dma.c **** * Return:
 133:Generated_Source\PSoC5/Driver_DMA_Com_dma.c **** *   void.
 134:Generated_Source\PSoC5/Driver_DMA_Com_dma.c **** *
 135:Generated_Source\PSoC5/Driver_DMA_Com_dma.c **** *******************************************************************/
ARM GAS  C:\Users\tmj32\AppData\Local\Temp\cczqBzZg.s 			page 5


 136:Generated_Source\PSoC5/Driver_DMA_Com_dma.c **** void Driver_DMA_Com_DmaRelease(void) 
 137:Generated_Source\PSoC5/Driver_DMA_Com_dma.c **** {
  94              		.loc 1 137 0
  95              		.cfi_startproc
  96              		@ args = 0, pretend = 0, frame = 0
  97              		@ frame_needed = 0, uses_anonymous_args = 0
  98 0000 08B5     		push	{r3, lr}
  99              		.cfi_def_cfa_offset 8
 100              		.cfi_offset 3, -8
 101              		.cfi_offset 14, -4
 138:Generated_Source\PSoC5/Driver_DMA_Com_dma.c ****     /* Disable the channel */
 139:Generated_Source\PSoC5/Driver_DMA_Com_dma.c ****     (void)CyDmaChDisable(Driver_DMA_Com_DmaHandle);
 102              		.loc 1 139 0
 103 0002 024B     		ldr	r3, .L7
 104 0004 1878     		ldrb	r0, [r3]	@ zero_extendqisi2
 105 0006 FFF7FEFF 		bl	CyDmaChDisable
 106              	.LVL8:
 107 000a 08BD     		pop	{r3, pc}
 108              	.L8:
 109              		.align	2
 110              	.L7:
 111 000c 00000000 		.word	.LANCHOR0
 112              		.cfi_endproc
 113              	.LFE1:
 114              		.size	Driver_DMA_Com_DmaRelease, .-Driver_DMA_Com_DmaRelease
 115              		.global	Driver_DMA_Com_DmaHandle
 116              		.data
 117              		.set	.LANCHOR0,. + 0
 118              		.type	Driver_DMA_Com_DmaHandle, %object
 119              		.size	Driver_DMA_Com_DmaHandle, 1
 120              	Driver_DMA_Com_DmaHandle:
 121 0000 FF       		.byte	-1
 122              		.text
 123              	.Letext0:
 124              		.file 2 "Generated_Source\\PSoC5/cytypes.h"
 125              		.file 3 "Generated_Source\\PSoC5/CYDMAC.H"
 126              		.section	.debug_info,"",%progbits
 127              	.Ldebug_info0:
 128 0000 A5010000 		.4byte	0x1a5
 129 0004 0400     		.2byte	0x4
 130 0006 00000000 		.4byte	.Ldebug_abbrev0
 131 000a 04       		.byte	0x4
 132 000b 01       		.uleb128 0x1
 133 000c B5000000 		.4byte	.LASF24
 134 0010 0C       		.byte	0xc
 135 0011 19000000 		.4byte	.LASF25
 136 0015 B5010000 		.4byte	.LASF26
 137 0019 00000000 		.4byte	.Ldebug_ranges0+0
 138 001d 00000000 		.4byte	0
 139 0021 00000000 		.4byte	.Ldebug_line0
 140 0025 02       		.uleb128 0x2
 141 0026 04       		.byte	0x4
 142 0027 05       		.byte	0x5
 143 0028 696E7400 		.ascii	"int\000"
 144 002c 03       		.uleb128 0x3
 145 002d 04       		.byte	0x4
 146 002e 07       		.byte	0x7
ARM GAS  C:\Users\tmj32\AppData\Local\Temp\cczqBzZg.s 			page 6


 147 002f 74010000 		.4byte	.LASF0
 148 0033 03       		.uleb128 0x3
 149 0034 08       		.byte	0x8
 150 0035 05       		.byte	0x5
 151 0036 1F020000 		.4byte	.LASF1
 152 003a 03       		.uleb128 0x3
 153 003b 08       		.byte	0x8
 154 003c 04       		.byte	0x4
 155 003d 5F020000 		.4byte	.LASF2
 156 0041 03       		.uleb128 0x3
 157 0042 01       		.byte	0x1
 158 0043 06       		.byte	0x6
 159 0044 6B020000 		.4byte	.LASF3
 160 0048 03       		.uleb128 0x3
 161 0049 01       		.byte	0x1
 162 004a 08       		.byte	0x8
 163 004b A7000000 		.4byte	.LASF4
 164 004f 03       		.uleb128 0x3
 165 0050 02       		.byte	0x2
 166 0051 05       		.byte	0x5
 167 0052 4C020000 		.4byte	.LASF5
 168 0056 03       		.uleb128 0x3
 169 0057 02       		.byte	0x2
 170 0058 07       		.byte	0x7
 171 0059 8E000000 		.4byte	.LASF6
 172 005d 03       		.uleb128 0x3
 173 005e 04       		.byte	0x4
 174 005f 05       		.byte	0x5
 175 0060 56020000 		.4byte	.LASF7
 176 0064 03       		.uleb128 0x3
 177 0065 04       		.byte	0x4
 178 0066 07       		.byte	0x7
 179 0067 4E010000 		.4byte	.LASF8
 180 006b 03       		.uleb128 0x3
 181 006c 08       		.byte	0x8
 182 006d 07       		.byte	0x7
 183 006e 81010000 		.4byte	.LASF9
 184 0072 03       		.uleb128 0x3
 185 0073 04       		.byte	0x4
 186 0074 07       		.byte	0x7
 187 0075 16020000 		.4byte	.LASF10
 188 0079 03       		.uleb128 0x3
 189 007a 01       		.byte	0x1
 190 007b 08       		.byte	0x8
 191 007c 47020000 		.4byte	.LASF11
 192 0080 04       		.uleb128 0x4
 193 0081 60010000 		.4byte	.LASF12
 194 0085 02       		.byte	0x2
 195 0086 E401     		.2byte	0x1e4
 196 0088 48000000 		.4byte	0x48
 197 008c 04       		.uleb128 0x4
 198 008d 6D010000 		.4byte	.LASF13
 199 0091 02       		.byte	0x2
 200 0092 E501     		.2byte	0x1e5
 201 0094 56000000 		.4byte	0x56
 202 0098 03       		.uleb128 0x3
 203 0099 04       		.byte	0x4
ARM GAS  C:\Users\tmj32\AppData\Local\Temp\cczqBzZg.s 			page 7


 204 009a 04       		.byte	0x4
 205 009b A1000000 		.4byte	.LASF14
 206 009f 03       		.uleb128 0x3
 207 00a0 08       		.byte	0x8
 208 00a1 04       		.byte	0x4
 209 00a2 66010000 		.4byte	.LASF15
 210 00a6 05       		.uleb128 0x5
 211 00a7 98010000 		.4byte	.LASF27
 212 00ab 01       		.byte	0x1
 213 00ac 61       		.byte	0x61
 214 00ad 80000000 		.4byte	0x80
 215 00b1 00000000 		.4byte	.LFB0
 216 00b5 3C000000 		.4byte	.LFE0-.LFB0
 217 00b9 01       		.uleb128 0x1
 218 00ba 9C       		.byte	0x9c
 219 00bb 4C010000 		.4byte	0x14c
 220 00bf 06       		.uleb128 0x6
 221 00c0 43010000 		.4byte	.LASF16
 222 00c4 01       		.byte	0x1
 223 00c5 61       		.byte	0x61
 224 00c6 80000000 		.4byte	0x80
 225 00ca 00000000 		.4byte	.LLST0
 226 00ce 06       		.uleb128 0x6
 227 00cf 7F000000 		.4byte	.LASF17
 228 00d3 01       		.byte	0x1
 229 00d4 61       		.byte	0x61
 230 00d5 80000000 		.4byte	0x80
 231 00d9 21000000 		.4byte	.LLST1
 232 00dd 06       		.uleb128 0x6
 233 00de 5F000000 		.4byte	.LASF18
 234 00e2 01       		.byte	0x1
 235 00e3 61       		.byte	0x61
 236 00e4 8C000000 		.4byte	0x8c
 237 00e8 42000000 		.4byte	.LLST2
 238 00ec 06       		.uleb128 0x6
 239 00ed 05020000 		.4byte	.LASF19
 240 00f1 01       		.byte	0x1
 241 00f2 61       		.byte	0x61
 242 00f3 8C000000 		.4byte	0x8c
 243 00f7 63000000 		.4byte	.LLST3
 244 00fb 07       		.uleb128 0x7
 245 00fc 20000000 		.4byte	.LVL5
 246 0100 7C010000 		.4byte	0x17c
 247 0104 21010000 		.4byte	0x121
 248 0108 08       		.uleb128 0x8
 249 0109 01       		.uleb128 0x1
 250 010a 50       		.byte	0x50
 251 010b 02       		.uleb128 0x2
 252 010c 75       		.byte	0x75
 253 010d 00       		.sleb128 0
 254 010e 08       		.uleb128 0x8
 255 010f 01       		.uleb128 0x1
 256 0110 53       		.byte	0x53
 257 0111 02       		.uleb128 0x2
 258 0112 75       		.byte	0x75
 259 0113 00       		.sleb128 0
 260 0114 08       		.uleb128 0x8
ARM GAS  C:\Users\tmj32\AppData\Local\Temp\cczqBzZg.s 			page 8


 261 0115 02       		.uleb128 0x2
 262 0116 7D       		.byte	0x7d
 263 0117 00       		.sleb128 0
 264 0118 01       		.uleb128 0x1
 265 0119 30       		.byte	0x30
 266 011a 08       		.uleb128 0x8
 267 011b 02       		.uleb128 0x2
 268 011c 7D       		.byte	0x7d
 269 011d 04       		.sleb128 4
 270 011e 01       		.uleb128 0x1
 271 011f 30       		.byte	0x30
 272 0120 00       		.byte	0
 273 0121 07       		.uleb128 0x7
 274 0122 2A000000 		.4byte	.LVL6
 275 0126 87010000 		.4byte	0x187
 276 012a 3B010000 		.4byte	0x13b
 277 012e 08       		.uleb128 0x8
 278 012f 01       		.uleb128 0x1
 279 0130 51       		.byte	0x51
 280 0131 02       		.uleb128 0x2
 281 0132 76       		.byte	0x76
 282 0133 00       		.sleb128 0
 283 0134 08       		.uleb128 0x8
 284 0135 01       		.uleb128 0x1
 285 0136 52       		.byte	0x52
 286 0137 02       		.uleb128 0x2
 287 0138 77       		.byte	0x77
 288 0139 00       		.sleb128 0
 289 013a 00       		.byte	0
 290 013b 09       		.uleb128 0x9
 291 013c 32000000 		.4byte	.LVL7
 292 0140 92010000 		.4byte	0x192
 293 0144 08       		.uleb128 0x8
 294 0145 01       		.uleb128 0x1
 295 0146 51       		.byte	0x51
 296 0147 02       		.uleb128 0x2
 297 0148 75       		.byte	0x75
 298 0149 00       		.sleb128 0
 299 014a 00       		.byte	0
 300 014b 00       		.byte	0
 301 014c 0A       		.uleb128 0xa
 302 014d 45000000 		.4byte	.LASF28
 303 0151 01       		.byte	0x1
 304 0152 88       		.byte	0x88
 305 0153 00000000 		.4byte	.LFB1
 306 0157 10000000 		.4byte	.LFE1-.LFB1
 307 015b 01       		.uleb128 0x1
 308 015c 9C       		.byte	0x9c
 309 015d 6B010000 		.4byte	0x16b
 310 0161 0B       		.uleb128 0xb
 311 0162 0A000000 		.4byte	.LVL8
 312 0166 9D010000 		.4byte	0x19d
 313 016a 00       		.byte	0
 314 016b 0C       		.uleb128 0xc
 315 016c 00000000 		.4byte	.LASF29
 316 0170 01       		.byte	0x1
 317 0171 45       		.byte	0x45
ARM GAS  C:\Users\tmj32\AppData\Local\Temp\cczqBzZg.s 			page 9


 318 0172 80000000 		.4byte	0x80
 319 0176 05       		.uleb128 0x5
 320 0177 03       		.byte	0x3
 321 0178 00000000 		.4byte	Driver_DMA_Com_DmaHandle
 322 017c 0D       		.uleb128 0xd
 323 017d 86020000 		.4byte	.LASF20
 324 0181 86020000 		.4byte	.LASF20
 325 0185 03       		.byte	0x3
 326 0186 33       		.byte	0x33
 327 0187 0D       		.uleb128 0xd
 328 0188 2D020000 		.4byte	.LASF21
 329 018c 2D020000 		.4byte	.LASF21
 330 0190 03       		.byte	0x3
 331 0191 2D       		.byte	0x2d
 332 0192 0D       		.uleb128 0xd
 333 0193 6F000000 		.4byte	.LASF22
 334 0197 6F000000 		.4byte	.LASF22
 335 019b 03       		.byte	0x3
 336 019c 2C       		.byte	0x2c
 337 019d 0D       		.uleb128 0xd
 338 019e 77020000 		.4byte	.LASF23
 339 01a2 77020000 		.4byte	.LASF23
 340 01a6 03       		.byte	0x3
 341 01a7 2A       		.byte	0x2a
 342 01a8 00       		.byte	0
 343              		.section	.debug_abbrev,"",%progbits
 344              	.Ldebug_abbrev0:
 345 0000 01       		.uleb128 0x1
 346 0001 11       		.uleb128 0x11
 347 0002 01       		.byte	0x1
 348 0003 25       		.uleb128 0x25
 349 0004 0E       		.uleb128 0xe
 350 0005 13       		.uleb128 0x13
 351 0006 0B       		.uleb128 0xb
 352 0007 03       		.uleb128 0x3
 353 0008 0E       		.uleb128 0xe
 354 0009 1B       		.uleb128 0x1b
 355 000a 0E       		.uleb128 0xe
 356 000b 55       		.uleb128 0x55
 357 000c 17       		.uleb128 0x17
 358 000d 11       		.uleb128 0x11
 359 000e 01       		.uleb128 0x1
 360 000f 10       		.uleb128 0x10
 361 0010 17       		.uleb128 0x17
 362 0011 00       		.byte	0
 363 0012 00       		.byte	0
 364 0013 02       		.uleb128 0x2
 365 0014 24       		.uleb128 0x24
 366 0015 00       		.byte	0
 367 0016 0B       		.uleb128 0xb
 368 0017 0B       		.uleb128 0xb
 369 0018 3E       		.uleb128 0x3e
 370 0019 0B       		.uleb128 0xb
 371 001a 03       		.uleb128 0x3
 372 001b 08       		.uleb128 0x8
 373 001c 00       		.byte	0
 374 001d 00       		.byte	0
ARM GAS  C:\Users\tmj32\AppData\Local\Temp\cczqBzZg.s 			page 10


 375 001e 03       		.uleb128 0x3
 376 001f 24       		.uleb128 0x24
 377 0020 00       		.byte	0
 378 0021 0B       		.uleb128 0xb
 379 0022 0B       		.uleb128 0xb
 380 0023 3E       		.uleb128 0x3e
 381 0024 0B       		.uleb128 0xb
 382 0025 03       		.uleb128 0x3
 383 0026 0E       		.uleb128 0xe
 384 0027 00       		.byte	0
 385 0028 00       		.byte	0
 386 0029 04       		.uleb128 0x4
 387 002a 16       		.uleb128 0x16
 388 002b 00       		.byte	0
 389 002c 03       		.uleb128 0x3
 390 002d 0E       		.uleb128 0xe
 391 002e 3A       		.uleb128 0x3a
 392 002f 0B       		.uleb128 0xb
 393 0030 3B       		.uleb128 0x3b
 394 0031 05       		.uleb128 0x5
 395 0032 49       		.uleb128 0x49
 396 0033 13       		.uleb128 0x13
 397 0034 00       		.byte	0
 398 0035 00       		.byte	0
 399 0036 05       		.uleb128 0x5
 400 0037 2E       		.uleb128 0x2e
 401 0038 01       		.byte	0x1
 402 0039 3F       		.uleb128 0x3f
 403 003a 19       		.uleb128 0x19
 404 003b 03       		.uleb128 0x3
 405 003c 0E       		.uleb128 0xe
 406 003d 3A       		.uleb128 0x3a
 407 003e 0B       		.uleb128 0xb
 408 003f 3B       		.uleb128 0x3b
 409 0040 0B       		.uleb128 0xb
 410 0041 27       		.uleb128 0x27
 411 0042 19       		.uleb128 0x19
 412 0043 49       		.uleb128 0x49
 413 0044 13       		.uleb128 0x13
 414 0045 11       		.uleb128 0x11
 415 0046 01       		.uleb128 0x1
 416 0047 12       		.uleb128 0x12
 417 0048 06       		.uleb128 0x6
 418 0049 40       		.uleb128 0x40
 419 004a 18       		.uleb128 0x18
 420 004b 9742     		.uleb128 0x2117
 421 004d 19       		.uleb128 0x19
 422 004e 01       		.uleb128 0x1
 423 004f 13       		.uleb128 0x13
 424 0050 00       		.byte	0
 425 0051 00       		.byte	0
 426 0052 06       		.uleb128 0x6
 427 0053 05       		.uleb128 0x5
 428 0054 00       		.byte	0
 429 0055 03       		.uleb128 0x3
 430 0056 0E       		.uleb128 0xe
 431 0057 3A       		.uleb128 0x3a
ARM GAS  C:\Users\tmj32\AppData\Local\Temp\cczqBzZg.s 			page 11


 432 0058 0B       		.uleb128 0xb
 433 0059 3B       		.uleb128 0x3b
 434 005a 0B       		.uleb128 0xb
 435 005b 49       		.uleb128 0x49
 436 005c 13       		.uleb128 0x13
 437 005d 02       		.uleb128 0x2
 438 005e 17       		.uleb128 0x17
 439 005f 00       		.byte	0
 440 0060 00       		.byte	0
 441 0061 07       		.uleb128 0x7
 442 0062 898201   		.uleb128 0x4109
 443 0065 01       		.byte	0x1
 444 0066 11       		.uleb128 0x11
 445 0067 01       		.uleb128 0x1
 446 0068 31       		.uleb128 0x31
 447 0069 13       		.uleb128 0x13
 448 006a 01       		.uleb128 0x1
 449 006b 13       		.uleb128 0x13
 450 006c 00       		.byte	0
 451 006d 00       		.byte	0
 452 006e 08       		.uleb128 0x8
 453 006f 8A8201   		.uleb128 0x410a
 454 0072 00       		.byte	0
 455 0073 02       		.uleb128 0x2
 456 0074 18       		.uleb128 0x18
 457 0075 9142     		.uleb128 0x2111
 458 0077 18       		.uleb128 0x18
 459 0078 00       		.byte	0
 460 0079 00       		.byte	0
 461 007a 09       		.uleb128 0x9
 462 007b 898201   		.uleb128 0x4109
 463 007e 01       		.byte	0x1
 464 007f 11       		.uleb128 0x11
 465 0080 01       		.uleb128 0x1
 466 0081 31       		.uleb128 0x31
 467 0082 13       		.uleb128 0x13
 468 0083 00       		.byte	0
 469 0084 00       		.byte	0
 470 0085 0A       		.uleb128 0xa
 471 0086 2E       		.uleb128 0x2e
 472 0087 01       		.byte	0x1
 473 0088 3F       		.uleb128 0x3f
 474 0089 19       		.uleb128 0x19
 475 008a 03       		.uleb128 0x3
 476 008b 0E       		.uleb128 0xe
 477 008c 3A       		.uleb128 0x3a
 478 008d 0B       		.uleb128 0xb
 479 008e 3B       		.uleb128 0x3b
 480 008f 0B       		.uleb128 0xb
 481 0090 27       		.uleb128 0x27
 482 0091 19       		.uleb128 0x19
 483 0092 11       		.uleb128 0x11
 484 0093 01       		.uleb128 0x1
 485 0094 12       		.uleb128 0x12
 486 0095 06       		.uleb128 0x6
 487 0096 40       		.uleb128 0x40
 488 0097 18       		.uleb128 0x18
ARM GAS  C:\Users\tmj32\AppData\Local\Temp\cczqBzZg.s 			page 12


 489 0098 9742     		.uleb128 0x2117
 490 009a 19       		.uleb128 0x19
 491 009b 01       		.uleb128 0x1
 492 009c 13       		.uleb128 0x13
 493 009d 00       		.byte	0
 494 009e 00       		.byte	0
 495 009f 0B       		.uleb128 0xb
 496 00a0 898201   		.uleb128 0x4109
 497 00a3 00       		.byte	0
 498 00a4 11       		.uleb128 0x11
 499 00a5 01       		.uleb128 0x1
 500 00a6 31       		.uleb128 0x31
 501 00a7 13       		.uleb128 0x13
 502 00a8 00       		.byte	0
 503 00a9 00       		.byte	0
 504 00aa 0C       		.uleb128 0xc
 505 00ab 34       		.uleb128 0x34
 506 00ac 00       		.byte	0
 507 00ad 03       		.uleb128 0x3
 508 00ae 0E       		.uleb128 0xe
 509 00af 3A       		.uleb128 0x3a
 510 00b0 0B       		.uleb128 0xb
 511 00b1 3B       		.uleb128 0x3b
 512 00b2 0B       		.uleb128 0xb
 513 00b3 49       		.uleb128 0x49
 514 00b4 13       		.uleb128 0x13
 515 00b5 3F       		.uleb128 0x3f
 516 00b6 19       		.uleb128 0x19
 517 00b7 02       		.uleb128 0x2
 518 00b8 18       		.uleb128 0x18
 519 00b9 00       		.byte	0
 520 00ba 00       		.byte	0
 521 00bb 0D       		.uleb128 0xd
 522 00bc 2E       		.uleb128 0x2e
 523 00bd 00       		.byte	0
 524 00be 3F       		.uleb128 0x3f
 525 00bf 19       		.uleb128 0x19
 526 00c0 3C       		.uleb128 0x3c
 527 00c1 19       		.uleb128 0x19
 528 00c2 6E       		.uleb128 0x6e
 529 00c3 0E       		.uleb128 0xe
 530 00c4 03       		.uleb128 0x3
 531 00c5 0E       		.uleb128 0xe
 532 00c6 3A       		.uleb128 0x3a
 533 00c7 0B       		.uleb128 0xb
 534 00c8 3B       		.uleb128 0x3b
 535 00c9 0B       		.uleb128 0xb
 536 00ca 00       		.byte	0
 537 00cb 00       		.byte	0
 538 00cc 00       		.byte	0
 539              		.section	.debug_loc,"",%progbits
 540              	.Ldebug_loc0:
 541              	.LLST0:
 542 0000 00000000 		.4byte	.LVL0
 543 0004 1C000000 		.4byte	.LVL4
 544 0008 0100     		.2byte	0x1
 545 000a 50       		.byte	0x50
ARM GAS  C:\Users\tmj32\AppData\Local\Temp\cczqBzZg.s 			page 13


 546 000b 1C000000 		.4byte	.LVL4
 547 000f 3C000000 		.4byte	.LFE0
 548 0013 0400     		.2byte	0x4
 549 0015 F3       		.byte	0xf3
 550 0016 01       		.uleb128 0x1
 551 0017 50       		.byte	0x50
 552 0018 9F       		.byte	0x9f
 553 0019 00000000 		.4byte	0
 554 001d 00000000 		.4byte	0
 555              	.LLST1:
 556 0021 00000000 		.4byte	.LVL0
 557 0025 1A000000 		.4byte	.LVL3
 558 0029 0100     		.2byte	0x1
 559 002b 51       		.byte	0x51
 560 002c 1A000000 		.4byte	.LVL3
 561 0030 3C000000 		.4byte	.LFE0
 562 0034 0400     		.2byte	0x4
 563 0036 F3       		.byte	0xf3
 564 0037 01       		.uleb128 0x1
 565 0038 51       		.byte	0x51
 566 0039 9F       		.byte	0x9f
 567 003a 00000000 		.4byte	0
 568 003e 00000000 		.4byte	0
 569              	.LLST2:
 570 0042 00000000 		.4byte	.LVL0
 571 0046 18000000 		.4byte	.LVL2
 572 004a 0100     		.2byte	0x1
 573 004c 52       		.byte	0x52
 574 004d 18000000 		.4byte	.LVL2
 575 0051 3C000000 		.4byte	.LFE0
 576 0055 0400     		.2byte	0x4
 577 0057 F3       		.byte	0xf3
 578 0058 01       		.uleb128 0x1
 579 0059 52       		.byte	0x52
 580 005a 9F       		.byte	0x9f
 581 005b 00000000 		.4byte	0
 582 005f 00000000 		.4byte	0
 583              	.LLST3:
 584 0063 00000000 		.4byte	.LVL0
 585 0067 10000000 		.4byte	.LVL1
 586 006b 0100     		.2byte	0x1
 587 006d 53       		.byte	0x53
 588 006e 10000000 		.4byte	.LVL1
 589 0072 3C000000 		.4byte	.LFE0
 590 0076 0400     		.2byte	0x4
 591 0078 F3       		.byte	0xf3
 592 0079 01       		.uleb128 0x1
 593 007a 53       		.byte	0x53
 594 007b 9F       		.byte	0x9f
 595 007c 00000000 		.4byte	0
 596 0080 00000000 		.4byte	0
 597              		.section	.debug_aranges,"",%progbits
 598 0000 24000000 		.4byte	0x24
 599 0004 0200     		.2byte	0x2
 600 0006 00000000 		.4byte	.Ldebug_info0
 601 000a 04       		.byte	0x4
 602 000b 00       		.byte	0
ARM GAS  C:\Users\tmj32\AppData\Local\Temp\cczqBzZg.s 			page 14


 603 000c 0000     		.2byte	0
 604 000e 0000     		.2byte	0
 605 0010 00000000 		.4byte	.LFB0
 606 0014 3C000000 		.4byte	.LFE0-.LFB0
 607 0018 00000000 		.4byte	.LFB1
 608 001c 10000000 		.4byte	.LFE1-.LFB1
 609 0020 00000000 		.4byte	0
 610 0024 00000000 		.4byte	0
 611              		.section	.debug_ranges,"",%progbits
 612              	.Ldebug_ranges0:
 613 0000 00000000 		.4byte	.LFB0
 614 0004 3C000000 		.4byte	.LFE0
 615 0008 00000000 		.4byte	.LFB1
 616 000c 10000000 		.4byte	.LFE1
 617 0010 00000000 		.4byte	0
 618 0014 00000000 		.4byte	0
 619              		.section	.debug_line,"",%progbits
 620              	.Ldebug_line0:
 621 0000 87000000 		.section	.debug_str,"MS",%progbits,1
 621      02005B00 
 621      00000201 
 621      FB0E0D00 
 621      01010101 
 622              	.LASF29:
 623 0000 44726976 		.ascii	"Driver_DMA_Com_DmaHandle\000"
 623      65725F44 
 623      4D415F43 
 623      6F6D5F44 
 623      6D614861 
 624              	.LASF25:
 625 0019 47656E65 		.ascii	"Generated_Source\\PSoC5\\Driver_DMA_Com_dma.c\000"
 625      72617465 
 625      645F536F 
 625      75726365 
 625      5C50536F 
 626              	.LASF28:
 627 0045 44726976 		.ascii	"Driver_DMA_Com_DmaRelease\000"
 627      65725F44 
 627      4D415F43 
 627      6F6D5F44 
 627      6D615265 
 628              	.LASF18:
 629 005f 55707065 		.ascii	"UpperSrcAddress\000"
 629      72537263 
 629      41646472 
 629      65737300 
 630              	.LASF22:
 631 006f 4379446D 		.ascii	"CyDmaChPriority\000"
 631      61436850 
 631      72696F72 
 631      69747900 
 632              	.LASF17:
 633 007f 52657165 		.ascii	"ReqestPerBurst\000"
 633      73745065 
 633      72427572 
 633      737400
 634              	.LASF6:
ARM GAS  C:\Users\tmj32\AppData\Local\Temp\cczqBzZg.s 			page 15


 635 008e 73686F72 		.ascii	"short unsigned int\000"
 635      7420756E 
 635      7369676E 
 635      65642069 
 635      6E7400
 636              	.LASF14:
 637 00a1 666C6F61 		.ascii	"float\000"
 637      7400
 638              	.LASF4:
 639 00a7 756E7369 		.ascii	"unsigned char\000"
 639      676E6564 
 639      20636861 
 639      7200
 640              	.LASF24:
 641 00b5 474E5520 		.ascii	"GNU C11 5.4.1 20160609 (release) [ARM/embedded-5-br"
 641      43313120 
 641      352E342E 
 641      31203230 
 641      31363036 
 642 00e8 616E6368 		.ascii	"anch revision 237715] -mcpu=cortex-m3 -mthumb -g -O"
 642      20726576 
 642      6973696F 
 642      6E203233 
 642      37373135 
 643 011b 67202D66 		.ascii	"g -ffunction-sections -ffat-lto-objects\000"
 643      66756E63 
 643      74696F6E 
 643      2D736563 
 643      74696F6E 
 644              	.LASF16:
 645 0143 42757273 		.ascii	"BurstCount\000"
 645      74436F75 
 645      6E7400
 646              	.LASF8:
 647 014e 6C6F6E67 		.ascii	"long unsigned int\000"
 647      20756E73 
 647      69676E65 
 647      6420696E 
 647      7400
 648              	.LASF12:
 649 0160 75696E74 		.ascii	"uint8\000"
 649      3800
 650              	.LASF15:
 651 0166 646F7562 		.ascii	"double\000"
 651      6C6500
 652              	.LASF13:
 653 016d 75696E74 		.ascii	"uint16\000"
 653      313600
 654              	.LASF0:
 655 0174 756E7369 		.ascii	"unsigned int\000"
 655      676E6564 
 655      20696E74 
 655      00
 656              	.LASF9:
 657 0181 6C6F6E67 		.ascii	"long long unsigned int\000"
 657      206C6F6E 
 657      6720756E 
ARM GAS  C:\Users\tmj32\AppData\Local\Temp\cczqBzZg.s 			page 16


 657      7369676E 
 657      65642069 
 658              	.LASF27:
 659 0198 44726976 		.ascii	"Driver_DMA_Com_DmaInitialize\000"
 659      65725F44 
 659      4D415F43 
 659      6F6D5F44 
 659      6D61496E 
 660              	.LASF26:
 661 01b5 433A5C55 		.ascii	"C:\\Users\\tmj32\\Desktop\\343Final\\PSOC_C_AlarmCl"
 661      73657273 
 661      5C746D6A 
 661      33325C44 
 661      65736B74 
 662 01e3 6F636B55 		.ascii	"ockUsingInterrupts\\Design01.cydsn\000"
 662      73696E67 
 662      496E7465 
 662      72727570 
 662      74735C44 
 663              	.LASF19:
 664 0205 55707065 		.ascii	"UpperDestAddress\000"
 664      72446573 
 664      74416464 
 664      72657373 
 664      00
 665              	.LASF10:
 666 0216 73697A65 		.ascii	"sizetype\000"
 666      74797065 
 666      00
 667              	.LASF1:
 668 021f 6C6F6E67 		.ascii	"long long int\000"
 668      206C6F6E 
 668      6720696E 
 668      7400
 669              	.LASF21:
 670 022d 4379446D 		.ascii	"CyDmaChSetExtendedAddress\000"
 670      61436853 
 670      65744578 
 670      74656E64 
 670      65644164 
 671              	.LASF11:
 672 0247 63686172 		.ascii	"char\000"
 672      00
 673              	.LASF5:
 674 024c 73686F72 		.ascii	"short int\000"
 674      7420696E 
 674      7400
 675              	.LASF7:
 676 0256 6C6F6E67 		.ascii	"long int\000"
 676      20696E74 
 676      00
 677              	.LASF2:
 678 025f 6C6F6E67 		.ascii	"long double\000"
 678      20646F75 
 678      626C6500 
 679              	.LASF3:
 680 026b 7369676E 		.ascii	"signed char\000"
ARM GAS  C:\Users\tmj32\AppData\Local\Temp\cczqBzZg.s 			page 17


 680      65642063 
 680      68617200 
 681              	.LASF23:
 682 0277 4379446D 		.ascii	"CyDmaChDisable\000"
 682      61436844 
 682      69736162 
 682      6C6500
 683              	.LASF20:
 684 0286 4379446D 		.ascii	"CyDmaChSetConfiguration\000"
 684      61436853 
 684      6574436F 
 684      6E666967 
 684      75726174 
 685              		.ident	"GCC: (GNU Tools for ARM Embedded Processors) 5.4.1 20160609 (release) [ARM/embedded-5-bran
